# JRE version: Java(TM) SE Runtime Environment (8.0_40-b25) (build 1.8.0_40-b25)
# Java VM: Java HotSpot(TM) 64-Bit Server VM (25.40-b25 mixed mode windows-amd64 compressed oops)
Heap:
 PSYoungGen      total 1003008K, used 542094K [0x000000076ab00000, 0x00000007c0000000, 0x00000007c0000000)
  eden space 664576K, 66% used [0x000000076ab00000,0x0000000785bbe7e8,0x0000000793400000)
  from space 338432K, 29% used [0x00000007ab580000,0x00000007b1625190,0x00000007c0000000)
  to   space 366592K, 0% used [0x0000000793400000,0x0000000793400000,0x00000007a9a00000)
 ParOldGen       total 1234432K, used 828733K [0x00000006c0000000, 0x000000070b580000, 0x000000076ab00000)
  object space 1234432K, 67% used [0x00000006c0000000,0x00000006f294f658,0x000000070b580000)
 Metaspace       used 6964K, capacity 7672K, committed 7936K, reserved 1056768K
  class space    used 637K, capacity 688K, committed 768K, reserved 1048576K
GC Heap History (10 events):
Event: 19.931 GC heap before
{Heap before GC invocations=19 (full 4):
 PSYoungGen      total 876544K, used 811455K [0x000000076ab00000, 0x00000007be800000, 0x00000007c0000000)
  eden space 669696K, 100% used [0x000000076ab00000,0x0000000793900000,0x0000000793900000)
  from space 206848K, 68% used [0x00000007a5980000,0x00000007ae3eff38,0x00000007b2380000)
  to   space 295424K, 0% used [0x0000000793900000,0x0000000793900000,0x00000007a5980000)
 ParOldGen       total 828928K, used 524277K [0x00000006c0000000, 0x00000006f2980000, 0x000000076ab00000)
  object space 828928K, 63% used [0x00000006c0000000,0x00000006dfffd680,0x00000006f2980000)
 Metaspace       used 6595K, capacity 7320K, committed 7680K, reserved 1056768K
  class space    used 619K, capacity 656K, committed 768K, reserved 1048576K
Event: 20.153 GC heap after
Heap after GC invocations=19 (full 4):
 PSYoungGen      total 965120K, used 83134K [0x000000076ab00000, 0x00000007bc580000, 0x00000007c0000000)
  eden space 669696K, 0% used [0x000000076ab00000,0x000000076ab00000,0x0000000793900000)
  from space 295424K, 28% used [0x0000000793900000,0x0000000798a2fb00,0x00000007a5980000)
  to   space 278528K, 0% used [0x00000007ab580000,0x00000007ab580000,0x00000007bc580000)
 ParOldGen       total 828928K, used 636647K [0x00000006c0000000, 0x00000006f2980000, 0x000000076ab00000)
  object space 828928K, 76% used [0x00000006c0000000,0x00000006e6db9ef8,0x00000006f2980000)
 Metaspace       used 6595K, capacity 7320K, committed 7680K, reserved 1056768K
  class space    used 619K, capacity 656K, committed 768K, reserved 1048576K
}
Event: 21.284 GC heap before
{Heap before GC invocations=20 (full 4):
 PSYoungGen      total 965120K, used 752830K [0x000000076ab00000, 0x00000007bc580000, 0x00000007c0000000)
  eden space 669696K, 100% used [0x000000076ab00000,0x0000000793900000,0x0000000793900000)
  from space 295424K, 28% used [0x0000000793900000,0x0000000798a2fb00,0x00000007a5980000)
  to   space 278528K, 0% used [0x00000007ab580000,0x00000007ab580000,0x00000007bc580000)
 ParOldGen       total 828928K, used 636647K [0x00000006c0000000, 0x00000006f2980000, 0x000000076ab00000)
  object space 828928K, 76% used [0x00000006c0000000,0x00000006e6db9ef8,0x00000006f2980000)
 Metaspace       used 6596K, capacity 7320K, committed 7680K, reserved 1056768K
  class space    used 619K, capacity 656K, committed 768K, reserved 1048576K
Event: 21.535 GC heap after
Heap after GC invocations=20 (full 4):
 PSYoungGen      total 1045504K, used 184250K [0x000000076ab00000, 0x00000007bee80000, 0x00000007c0000000)
  eden space 766976K, 0% used [0x000000076ab00000,0x000000076ab00000,0x0000000799800000)
  from space 278528K, 66% used [0x00000007ab580000,0x00000007b696e808,0x00000007bc580000)
  to   space 292352K, 0% used [0x0000000799800000,0x0000000799800000,0x00000007ab580000)
 ParOldGen       total 828928K, used 636647K [0x00000006c0000000, 0x00000006f2980000, 0x000000076ab00000)
  object space 828928K, 76% used [0x00000006c0000000,0x00000006e6db9ef8,0x00000006f2980000)
 Metaspace       used 6596K, capacity 7320K, committed 7680K, reserved 1056768K
  class space    used 619K, capacity 656K, committed 768K, reserved 1048576K
}
Event: 22.794 GC heap before
{Heap before GC invocations=21 (full 4):
 PSYoungGen      total 1045504K, used 951226K [0x000000076ab00000, 0x00000007bee80000, 0x00000007c0000000)
  eden space 766976K, 100% used [0x000000076ab00000,0x0000000799800000,0x0000000799800000)
  from space 278528K, 66% used [0x00000007ab580000,0x00000007b696e808,0x00000007bc580000)
  to   space 292352K, 0% used [0x0000000799800000,0x0000000799800000,0x00000007ab580000)
 ParOldGen       total 828928K, used 636647K [0x00000006c0000000, 0x00000006f2980000, 0x000000076ab00000)
  object space 828928K, 76% used [0x00000006c0000000,0x00000006e6db9ef8,0x00000006f2980000)
 Metaspace       used 6672K, capacity 7384K, committed 7680K, reserved 1056768K
  class space    used 622K, capacity 656K, committed 768K, reserved 1048576K
Event: 23.149 GC heap after
Heap after GC invocations=21 (full 4):
 PSYoungGen      total 1059328K, used 292337K [0x000000076ab00000, 0x00000007c0000000, 0x00000007c0000000)
  eden space 766976K, 0% used [0x000000076ab00000,0x000000076ab00000,0x0000000799800000)
  from space 292352K, 99% used [0x0000000799800000,0x00000007ab57c4c8,0x00000007ab580000)
  to   space 338432K, 0% used [0x00000007ab580000,0x00000007ab580000,0x00000007c0000000)
 ParOldGen       total 828928K, used 649418K [0x00000006c0000000, 0x00000006f2980000, 0x000000076ab00000)
  object space 828928K, 78% used [0x00000006c0000000,0x00000006e7a32870,0x00000006f2980000)
 Metaspace       used 6672K, capacity 7384K, committed 7680K, reserved 1056768K
  class space    used 622K, capacity 656K, committed 768K, reserved 1048576K
}
Event: 24.573 GC heap before
{Heap before GC invocations=22 (full 4):
 PSYoungGen      total 1059328K, used 1059313K [0x000000076ab00000, 0x00000007c0000000, 0x00000007c0000000)
  eden space 766976K, 100% used [0x000000076ab00000,0x0000000799800000,0x0000000799800000)
  from space 292352K, 99% used [0x0000000799800000,0x00000007ab57c4c8,0x00000007ab580000)
  to   space 338432K, 0% used [0x00000007ab580000,0x00000007ab580000,0x00000007c0000000)
 ParOldGen       total 828928K, used 649418K [0x00000006c0000000, 0x00000006f2980000, 0x000000076ab00000)
  object space 828928K, 78% used [0x00000006c0000000,0x00000006e7a32870,0x00000006f2980000)
 Metaspace       used 6705K, capacity 7384K, committed 7680K, reserved 1056768K
  class space    used 624K, capacity 656K, committed 768K, reserved 1048576K
Event: 25.073 GC heap after
Heap after GC invocations=22 (full 4):
 PSYoungGen      total 1003008K, used 237956K [0x000000076ab00000, 0x00000007c0000000, 0x00000007c0000000)
  eden space 664576K, 0% used [0x000000076ab00000,0x000000076ab00000,0x0000000793400000)
  from space 338432K, 70% used [0x00000007ab580000,0x00000007b9de1188,0x00000007c0000000)
  to   space 366592K, 0% used [0x0000000793400000,0x0000000793400000,0x00000007a9a00000)
 ParOldGen       total 828928K, used 821708K [0x00000006c0000000, 0x00000006f2980000, 0x000000076ab00000)
  object space 828928K, 99% used [0x00000006c0000000,0x00000006f22731a0,0x00000006f2980000)
 Metaspace       used 6705K, capacity 7384K, committed 7680K, reserved 1056768K
  class space    used 624K, capacity 656K, committed 768K, reserved 1048576K
}
Event: 25.073 GC heap before
{Heap before GC invocations=23 (full 5):
 PSYoungGen      total 1003008K, used 237956K [0x000000076ab00000, 0x00000007c0000000, 0x00000007c0000000)
  eden space 664576K, 0% used [0x000000076ab00000,0x000000076ab00000,0x0000000793400000)
  from space 338432K, 70% used [0x00000007ab580000,0x00000007b9de1188,0x00000007c0000000)
  to   space 366592K, 0% used [0x0000000793400000,0x0000000793400000,0x00000007a9a00000)
 ParOldGen       total 828928K, used 821708K [0x00000006c0000000, 0x00000006f2980000, 0x000000076ab00000)
  object space 828928K, 99% used [0x00000006c0000000,0x00000006f22731a0,0x00000006f2980000)
 Metaspace       used 6705K, capacity 7384K, committed 7680K, reserved 1056768K
  class space    used 624K, capacity 656K, committed 768K, reserved 1048576K
Event: 29.571 GC heap after
Heap after GC invocations=23 (full 5):
 PSYoungGen      total 1003008K, used 98964K [0x000000076ab00000, 0x00000007c0000000, 0x00000007c0000000)
  eden space 664576K, 0% used [0x000000076ab00000,0x000000076ab00000,0x0000000793400000)
  from space 338432K, 29% used [0x00000007ab580000,0x00000007b1625190,0x00000007c0000000)
  to   space 366592K, 0% used [0x0000000793400000,0x0000000793400000,0x00000007a9a00000)
 ParOldGen       total 1234432K, used 828733K [0x00000006c0000000, 0x000000070b580000, 0x000000076ab00000)
  object space 1234432K, 67% used [0x00000006c0000000,0x00000006f294f658,0x000000070b580000)
 Metaspace       used 6705K, capacity 7384K, committed 7680K, reserved 1056768K
  class space    used 624K, capacity 656K, committed 768K, reserved 1048576K
}

