# JRE version: Java(TM) SE Runtime Environment (8.0_40-b25) (build 1.8.0_40-b25)
# Java VM: Java HotSpot(TM) 64-Bit Server VM (25.40-b25 mixed mode windows-amd64 compressed oops)
Heap:
 PSYoungGen      total 996864K, used 560539K [0x000000076ab00000, 0x00000007c0000000, 0x00000007c0000000)
  eden space 786432K, 44% used [0x000000076ab00000,0x0000000780135d40,0x000000079ab00000)
  from space 210432K, 99% used [0x000000079ab00000,0x00000007a7831118,0x00000007a7880000)
  to   space 321024K, 0% used [0x00000007ac680000,0x00000007ac680000,0x00000007c0000000)
 ParOldGen       total 1165824K, used 800757K [0x00000006c0000000, 0x0000000707280000, 0x000000076ab00000)
  object space 1165824K, 68% used [0x00000006c0000000,0x00000006f0dfd610,0x0000000707280000)
 Metaspace       used 6967K, capacity 7672K, committed 7936K, reserved 1056768K
  class space    used 637K, capacity 688K, committed 768K, reserved 1048576K
GC Heap History (10 events):
Event: 22.308 GC heap before
{Heap before GC invocations=20 (full 4):
 PSYoungGen      total 891904K, used 805360K [0x000000076ab00000, 0x00000007b5a80000, 0x00000007c0000000)
  eden space 671744K, 100% used [0x000000076ab00000,0x0000000793b00000,0x0000000793b00000)
  from space 220160K, 60% used [0x0000000793b00000,0x000000079bd7c3f8,0x00000007a1200000)
  to   space 226304K, 0% used [0x00000007a7d80000,0x00000007a7d80000,0x00000007b5a80000)
 ParOldGen       total 800768K, used 588912K [0x00000006c0000000, 0x00000006f0e00000, 0x000000076ab00000)
  object space 800768K, 73% used [0x00000006c0000000,0x00000006e3f1c0d0,0x00000006f0e00000)
 Metaspace       used 6597K, capacity 7320K, committed 7680K, reserved 1056768K
  class space    used 617K, capacity 656K, committed 768K, reserved 1048576K
Event: 22.475 GC heap after
Heap after GC invocations=20 (full 4):
 PSYoungGen      total 1003520K, used 118703K [0x000000076ab00000, 0x00000007b5d00000, 0x00000007c0000000)
  eden space 777216K, 0% used [0x000000076ab00000,0x000000076ab00000,0x000000079a200000)
  from space 226304K, 52% used [0x00000007a7d80000,0x00000007af16bcb8,0x00000007b5a80000)
  to   space 224768K, 0% used [0x000000079a200000,0x000000079a200000,0x00000007a7d80000)
 ParOldGen       total 800768K, used 588912K [0x00000006c0000000, 0x00000006f0e00000, 0x000000076ab00000)
  object space 800768K, 73% used [0x00000006c0000000,0x00000006e3f1c0d0,0x00000006f0e00000)
 Metaspace       used 6597K, capacity 7320K, committed 7680K, reserved 1056768K
  class space    used 617K, capacity 656K, committed 768K, reserved 1048576K
}
Event: 23.812 GC heap before
{Heap before GC invocations=21 (full 4):
 PSYoungGen      total 1003520K, used 895919K [0x000000076ab00000, 0x00000007b5d00000, 0x00000007c0000000)
  eden space 777216K, 100% used [0x000000076ab00000,0x000000079a200000,0x000000079a200000)
  from space 226304K, 52% used [0x00000007a7d80000,0x00000007af16bcb8,0x00000007b5a80000)
  to   space 224768K, 0% used [0x000000079a200000,0x000000079a200000,0x00000007a7d80000)
 ParOldGen       total 800768K, used 588912K [0x00000006c0000000, 0x00000006f0e00000, 0x000000076ab00000)
  object space 800768K, 73% used [0x00000006c0000000,0x00000006e3f1c0d0,0x00000006f0e00000)
 Metaspace       used 6599K, capacity 7320K, committed 7680K, reserved 1056768K
  class space    used 617K, capacity 656K, committed 768K, reserved 1048576K
Event: 24.012 GC heap after
Heap after GC invocations=21 (full 4):
 PSYoungGen      total 1001984K, used 224742K [0x000000076ab00000, 0x00000007c0000000, 0x00000007c0000000)
  eden space 777216K, 0% used [0x000000076ab00000,0x000000076ab00000,0x000000079a200000)
  from space 224768K, 99% used [0x000000079a200000,0x00000007a7d79a78,0x00000007a7d80000)
  to   space 269824K, 0% used [0x00000007af880000,0x00000007af880000,0x00000007c0000000)
 ParOldGen       total 800768K, used 610087K [0x00000006c0000000, 0x00000006f0e00000, 0x000000076ab00000)
  object space 800768K, 76% used [0x00000006c0000000,0x00000006e53c9db0,0x00000006f0e00000)
 Metaspace       used 6599K, capacity 7320K, committed 7680K, reserved 1056768K
  class space    used 617K, capacity 656K, committed 768K, reserved 1048576K
}
Event: 25.544 GC heap before
{Heap before GC invocations=22 (full 4):
 PSYoungGen      total 1001984K, used 1001958K [0x000000076ab00000, 0x00000007c0000000, 0x00000007c0000000)
  eden space 777216K, 100% used [0x000000076ab00000,0x000000079a200000,0x000000079a200000)
  from space 224768K, 99% used [0x000000079a200000,0x00000007a7d79a78,0x00000007a7d80000)
  to   space 269824K, 0% used [0x00000007af880000,0x00000007af880000,0x00000007c0000000)
 ParOldGen       total 800768K, used 610087K [0x00000006c0000000, 0x00000006f0e00000, 0x000000076ab00000)
  object space 800768K, 76% used [0x00000006c0000000,0x00000006e53c9db0,0x00000006f0e00000)
 Metaspace       used 6703K, capacity 7384K, committed 7680K, reserved 1056768K
  class space    used 623K, capacity 656K, committed 768K, reserved 1048576K
Event: 26.061 GC heap after
Heap after GC invocations=22 (full 4):
 PSYoungGen      total 1056256K, used 245155K [0x000000076ab00000, 0x00000007c0000000, 0x00000007c0000000)
  eden space 786432K, 0% used [0x000000076ab00000,0x000000076ab00000,0x000000079ab00000)
  from space 269824K, 90% used [0x00000007af880000,0x00000007be7e8e70,0x00000007c0000000)
  to   space 305664K, 0% used [0x000000079ab00000,0x000000079ab00000,0x00000007ad580000)
 ParOldGen       total 800768K, used 711334K [0x00000006c0000000, 0x00000006f0e00000, 0x000000076ab00000)
  object space 800768K, 88% used [0x00000006c0000000,0x00000006eb6a9b38,0x00000006f0e00000)
 Metaspace       used 6703K, capacity 7384K, committed 7680K, reserved 1056768K
  class space    used 623K, capacity 656K, committed 768K, reserved 1048576K
}
Event: 26.061 GC heap before
{Heap before GC invocations=23 (full 5):
 PSYoungGen      total 1056256K, used 245155K [0x000000076ab00000, 0x00000007c0000000, 0x00000007c0000000)
  eden space 786432K, 0% used [0x000000076ab00000,0x000000076ab00000,0x000000079ab00000)
  from space 269824K, 90% used [0x00000007af880000,0x00000007be7e8e70,0x00000007c0000000)
  to   space 305664K, 0% used [0x000000079ab00000,0x000000079ab00000,0x00000007ad580000)
 ParOldGen       total 800768K, used 711334K [0x00000006c0000000, 0x00000006f0e00000, 0x000000076ab00000)
  object space 800768K, 88% used [0x00000006c0000000,0x00000006eb6a9b38,0x00000006f0e00000)
 Metaspace       used 6703K, capacity 7384K, committed 7680K, reserved 1056768K
  class space    used 623K, capacity 656K, committed 768K, reserved 1048576K
Event: 30.842 GC heap after
Heap after GC invocations=23 (full 5):
 PSYoungGen      total 1056256K, used 97508K [0x000000076ab00000, 0x00000007c0000000, 0x00000007c0000000)
  eden space 786432K, 0% used [0x000000076ab00000,0x000000076ab00000,0x000000079ab00000)
  from space 269824K, 36% used [0x00000007af880000,0x00000007b57b93f8,0x00000007c0000000)
  to   space 305664K, 0% used [0x000000079ab00000,0x000000079ab00000,0x00000007ad580000)
 ParOldGen       total 1165824K, used 800757K [0x00000006c0000000, 0x0000000707280000, 0x000000076ab00000)
  object space 1165824K, 68% used [0x00000006c0000000,0x00000006f0dfd610,0x0000000707280000)
 Metaspace       used 6703K, capacity 7384K, committed 7680K, reserved 1056768K
  class space    used 623K, capacity 656K, committed 768K, reserved 1048576K
}
Event: 32.417 GC heap before
{Heap before GC invocations=24 (full 5):
 PSYoungGen      total 1056256K, used 883940K [0x000000076ab00000, 0x00000007c0000000, 0x00000007c0000000)
  eden space 786432K, 100% used [0x000000076ab00000,0x000000079ab00000,0x000000079ab00000)
  from space 269824K, 36% used [0x00000007af880000,0x00000007b57b93f8,0x00000007c0000000)
  to   space 305664K, 0% used [0x000000079ab00000,0x000000079ab00000,0x00000007ad580000)
 ParOldGen       total 1165824K, used 800757K [0x00000006c0000000, 0x0000000707280000, 0x000000076ab00000)
  object space 1165824K, 68% used [0x00000006c0000000,0x00000006f0dfd610,0x0000000707280000)
 Metaspace       used 6726K, capacity 7384K, committed 7680K, reserved 1056768K
  class space    used 624K, capacity 656K, committed 768K, reserved 1048576K
Event: 32.799 GC heap after
Heap after GC invocations=24 (full 5):
 PSYoungGen      total 996864K, used 210116K [0x000000076ab00000, 0x00000007c0000000, 0x00000007c0000000)
  eden space 786432K, 0% used [0x000000076ab00000,0x000000076ab00000,0x000000079ab00000)
  from space 210432K, 99% used [0x000000079ab00000,0x00000007a7831118,0x00000007a7880000)
  to   space 321024K, 0% used [0x00000007ac680000,0x00000007ac680000,0x00000007c0000000)
 ParOldGen       total 1165824K, used 800757K [0x00000006c0000000, 0x0000000707280000, 0x000000076ab00000)
  object space 1165824K, 68% used [0x00000006c0000000,0x00000006f0dfd610,0x0000000707280000)
 Metaspace       used 6726K, capacity 7384K, committed 7680K, reserved 1056768K
  class space    used 624K, capacity 656K, committed 768K, reserved 1048576K
}

