# JRE version: Java(TM) SE Runtime Environment (8.0_40-b25) (build 1.8.0_40-b25)
# Java VM: Java HotSpot(TM) 64-Bit Server VM (25.40-b25 mixed mode windows-amd64 compressed oops)
Heap:
 PSYoungGen      total 884224K, used 557982K [0x000000076ab00000, 0x00000007af200000, 0x00000007c0000000)
  eden space 677376K, 61% used [0x000000076ab00000,0x000000078439b528,0x0000000794080000)
  from space 206848K, 67% used [0x0000000794080000,0x000000079c8cc4b0,0x00000007a0a80000)
  to   space 175104K, 0% used [0x00000007a0a80000,0x00000007a0a80000,0x00000007ab580000)
 ParOldGen       total 553472K, used 553388K [0x00000006c0000000, 0x00000006e1c80000, 0x000000076ab00000)
  object space 553472K, 99% used [0x00000006c0000000,0x00000006e1c6b120,0x00000006e1c80000)
 Metaspace       used 6589K, capacity 7320K, committed 7680K, reserved 1056768K
  class space    used 619K, capacity 656K, committed 768K, reserved 1048576K
GC Heap History (10 events):
Event: 11.964 GC heap before
{Heap before GC invocations=15 (full 3):
 PSYoungGen      total 750080K, used 135165K [0x000000076ab00000, 0x00000007a8400000, 0x00000007c0000000)
  eden space 614912K, 0% used [0x000000076ab00000,0x000000076ab00000,0x0000000790380000)
  from space 135168K, 99% used [0x000000079ac80000,0x00000007a307f4a8,0x00000007a3080000)
  to   space 173056K, 0% used [0x0000000790380000,0x0000000790380000,0x000000079ac80000)
 ParOldGen       total 311808K, used 283140K [0x00000006c0000000, 0x00000006d3080000, 0x000000076ab00000)
  object space 311808K, 90% used [0x00000006c0000000,0x00000006d1481318,0x00000006d3080000)
 Metaspace       used 6571K, capacity 7320K, committed 7680K, reserved 1056768K
  class space    used 616K, capacity 656K, committed 768K, reserved 1048576K
Event: 13.851 GC heap after
Heap after GC invocations=15 (full 3):
 PSYoungGen      total 750080K, used 100599K [0x000000076ab00000, 0x00000007a8400000, 0x00000007c0000000)
  eden space 614912K, 0% used [0x000000076ab00000,0x000000076ab00000,0x0000000790380000)
  from space 135168K, 74% used [0x000000079ac80000,0x00000007a0ebdc70,0x00000007a3080000)
  to   space 173056K, 0% used [0x0000000790380000,0x0000000790380000,0x000000079ac80000)
 ParOldGen       total 515072K, used 311491K [0x00000006c0000000, 0x00000006df700000, 0x000000076ab00000)
  object space 515072K, 60% used [0x00000006c0000000,0x00000006d3030c00,0x00000006df700000)
 Metaspace       used 6571K, capacity 7320K, committed 7680K, reserved 1056768K
  class space    used 616K, capacity 656K, committed 768K, reserved 1048576K
}
Event: 15.468 GC heap before
{Heap before GC invocations=16 (full 3):
 PSYoungGen      total 750080K, used 715511K [0x000000076ab00000, 0x00000007a8400000, 0x00000007c0000000)
  eden space 614912K, 100% used [0x000000076ab00000,0x0000000790380000,0x0000000790380000)
  from space 135168K, 74% used [0x000000079ac80000,0x00000007a0ebdc70,0x00000007a3080000)
  to   space 173056K, 0% used [0x0000000790380000,0x0000000790380000,0x000000079ac80000)
 ParOldGen       total 515072K, used 311491K [0x00000006c0000000, 0x00000006df700000, 0x000000076ab00000)
  object space 515072K, 60% used [0x00000006c0000000,0x00000006d3030c00,0x00000006df700000)
 Metaspace       used 6586K, capacity 7320K, committed 7680K, reserved 1056768K
  class space    used 618K, capacity 656K, committed 768K, reserved 1048576K
Event: 15.767 GC heap after
Heap after GC invocations=16 (full 3):
 PSYoungGen      total 787968K, used 95838K [0x000000076ab00000, 0x00000007ab580000, 0x00000007c0000000)
  eden space 614912K, 0% used [0x000000076ab00000,0x000000076ab00000,0x0000000790380000)
  from space 173056K, 55% used [0x0000000790380000,0x0000000796117b78,0x000000079ac80000)
  to   space 175104K, 0% used [0x00000007a0a80000,0x00000007a0a80000,0x00000007ab580000)
 ParOldGen       total 515072K, used 413063K [0x00000006c0000000, 0x00000006df700000, 0x000000076ab00000)
  object space 515072K, 80% used [0x00000006c0000000,0x00000006d9361d00,0x00000006df700000)
 Metaspace       used 6586K, capacity 7320K, committed 7680K, reserved 1056768K
  class space    used 618K, capacity 656K, committed 768K, reserved 1048576K
}
Event: 17.638 GC heap before
{Heap before GC invocations=17 (full 3):
 PSYoungGen      total 787968K, used 710750K [0x000000076ab00000, 0x00000007ab580000, 0x00000007c0000000)
  eden space 614912K, 100% used [0x000000076ab00000,0x0000000790380000,0x0000000790380000)
  from space 173056K, 55% used [0x0000000790380000,0x0000000796117b78,0x000000079ac80000)
  to   space 175104K, 0% used [0x00000007a0a80000,0x00000007a0a80000,0x00000007ab580000)
 ParOldGen       total 515072K, used 413063K [0x00000006c0000000, 0x00000006df700000, 0x000000076ab00000)
  object space 515072K, 80% used [0x00000006c0000000,0x00000006d9361d00,0x00000006df700000)
 Metaspace       used 6586K, capacity 7320K, committed 7680K, reserved 1056768K
  class space    used 618K, capacity 656K, committed 768K, reserved 1048576K
Event: 17.827 GC heap after
Heap after GC invocations=17 (full 3):
 PSYoungGen      total 852480K, used 175077K [0x000000076ab00000, 0x00000007af200000, 0x00000007c0000000)
  eden space 677376K, 0% used [0x000000076ab00000,0x000000076ab00000,0x0000000794080000)
  from space 175104K, 99% used [0x00000007a0a80000,0x00000007ab579660,0x00000007ab580000)
  to   space 206848K, 0% used [0x0000000794080000,0x0000000794080000,0x00000007a0a80000)
 ParOldGen       total 515072K, used 418248K [0x00000006c0000000, 0x00000006df700000, 0x000000076ab00000)
  object space 515072K, 81% used [0x00000006c0000000,0x00000006d9872360,0x00000006df700000)
 Metaspace       used 6586K, capacity 7320K, committed 7680K, reserved 1056768K
  class space    used 618K, capacity 656K, committed 768K, reserved 1048576K
}
Event: 19.294 GC heap before
{Heap before GC invocations=18 (full 3):
 PSYoungGen      total 852480K, used 852453K [0x000000076ab00000, 0x00000007af200000, 0x00000007c0000000)
  eden space 677376K, 100% used [0x000000076ab00000,0x0000000794080000,0x0000000794080000)
  from space 175104K, 99% used [0x00000007a0a80000,0x00000007ab579660,0x00000007ab580000)
  to   space 206848K, 0% used [0x0000000794080000,0x0000000794080000,0x00000007a0a80000)
 ParOldGen       total 515072K, used 418248K [0x00000006c0000000, 0x00000006df700000, 0x000000076ab00000)
  object space 515072K, 81% used [0x00000006c0000000,0x00000006d9872360,0x00000006df700000)
 Metaspace       used 6586K, capacity 7320K, committed 7680K, reserved 1056768K
  class space    used 618K, capacity 656K, committed 768K, reserved 1048576K
Event: 19.528 GC heap after
Heap after GC invocations=18 (full 3):
 PSYoungGen      total 884224K, used 152880K [0x000000076ab00000, 0x00000007af200000, 0x00000007c0000000)
  eden space 677376K, 0% used [0x000000076ab00000,0x000000076ab00000,0x0000000794080000)
  from space 206848K, 73% used [0x0000000794080000,0x000000079d5cc008,0x00000007a0a80000)
  to   space 175104K, 0% used [0x00000007a0a80000,0x00000007a0a80000,0x00000007ab580000)
 ParOldGen       total 553472K, used 553417K [0x00000006c0000000, 0x00000006e1c80000, 0x000000076ab00000)
  object space 553472K, 99% used [0x00000006c0000000,0x00000006e1c72410,0x00000006e1c80000)
 Metaspace       used 6586K, capacity 7320K, committed 7680K, reserved 1056768K
  class space    used 618K, capacity 656K, committed 768K, reserved 1048576K
}
Event: 19.528 GC heap before
{Heap before GC invocations=19 (full 4):
 PSYoungGen      total 884224K, used 152880K [0x000000076ab00000, 0x00000007af200000, 0x00000007c0000000)
  eden space 677376K, 0% used [0x000000076ab00000,0x000000076ab00000,0x0000000794080000)
  from space 206848K, 73% used [0x0000000794080000,0x000000079d5cc008,0x00000007a0a80000)
  to   space 175104K, 0% used [0x00000007a0a80000,0x00000007a0a80000,0x00000007ab580000)
 ParOldGen       total 553472K, used 553417K [0x00000006c0000000, 0x00000006e1c80000, 0x000000076ab00000)
  object space 553472K, 99% used [0x00000006c0000000,0x00000006e1c72410,0x00000006e1c80000)
 Metaspace       used 6586K, capacity 7320K, committed 7680K, reserved 1056768K
  class space    used 618K, capacity 656K, committed 768K, reserved 1048576K
Event: 23.080 GC heap after
Heap after GC invocations=19 (full 4):
 PSYoungGen      total 884224K, used 139569K [0x000000076ab00000, 0x00000007af200000, 0x00000007c0000000)
  eden space 677376K, 0% used [0x000000076ab00000,0x000000076ab00000,0x0000000794080000)
  from space 206848K, 67% used [0x0000000794080000,0x000000079c8cc4b0,0x00000007a0a80000)
  to   space 175104K, 0% used [0x00000007a0a80000,0x00000007a0a80000,0x00000007ab580000)
 ParOldGen       total 553472K, used 553388K [0x00000006c0000000, 0x00000006e1c80000, 0x000000076ab00000)
  object space 553472K, 99% used [0x00000006c0000000,0x00000006e1c6b120,0x00000006e1c80000)
 Metaspace       used 6586K, capacity 7320K, committed 7680K, reserved 1056768K
  class space    used 618K, capacity 656K, committed 768K, reserved 1048576K
}

