# JRE version: Java(TM) SE Runtime Environment (8.0_40-b25) (build 1.8.0_40-b25)
# Java VM: Java HotSpot(TM) 64-Bit Server VM (25.40-b25 mixed mode windows-amd64 compressed oops)
Heap:
 PSYoungGen      total 888832K, used 464663K [0x000000076ab00000, 0x00000007b6b00000, 0x00000007c0000000)
  eden space 670720K, 41% used [0x000000076ab00000,0x000000077bc382a0,0x0000000793a00000)
  from space 218112K, 84% used [0x0000000793a00000,0x000000079ee8d9b8,0x00000007a0f00000)
  to   space 243200K, 0% used [0x00000007a7d80000,0x00000007a7d80000,0x00000007b6b00000)
 ParOldGen       total 813056K, used 603074K [0x00000006c0000000, 0x00000006f1a00000, 0x000000076ab00000)
  object space 813056K, 74% used [0x00000006c0000000,0x00000006e4cf0840,0x00000006f1a00000)
 Metaspace       used 6595K, capacity 7320K, committed 7680K, reserved 1056768K
  class space    used 618K, capacity 656K, committed 768K, reserved 1048576K
GC Heap History (10 events):
Event: 12.122 GC heap before
{Heap before GC invocations=15 (full 3):
 PSYoungGen      total 750080K, used 137215K [0x000000076ab00000, 0x00000007a8a00000, 0x00000007c0000000)
  eden space 612864K, 0% used [0x000000076ab00000,0x000000076ab00000,0x0000000790180000)
  from space 137216K, 99% used [0x000000079ad00000,0x00000007a32ffd80,0x00000007a3300000)
  to   space 175616K, 0% used [0x0000000790180000,0x0000000790180000,0x000000079ad00000)
 ParOldGen       total 315904K, used 285525K [0x00000006c0000000, 0x00000006d3480000, 0x000000076ab00000)
  object space 315904K, 90% used [0x00000006c0000000,0x00000006d16d5510,0x00000006d3480000)
 Metaspace       used 6578K, capacity 7320K, committed 7680K, reserved 1056768K
  class space    used 617K, capacity 656K, committed 768K, reserved 1048576K
Event: 14.492 GC heap after
Heap after GC invocations=15 (full 3):
 PSYoungGen      total 750080K, used 101502K [0x000000076ab00000, 0x00000007a8a00000, 0x00000007c0000000)
  eden space 612864K, 0% used [0x000000076ab00000,0x000000076ab00000,0x0000000790180000)
  from space 137216K, 73% used [0x000000079ad00000,0x00000007a101fad0,0x00000007a3300000)
  to   space 175616K, 0% used [0x0000000790180000,0x0000000790180000,0x000000079ad00000)
 ParOldGen       total 521728K, used 315875K [0x00000006c0000000, 0x00000006dfd80000, 0x000000076ab00000)
  object space 521728K, 60% used [0x00000006c0000000,0x00000006d3478c40,0x00000006dfd80000)
 Metaspace       used 6578K, capacity 7320K, committed 7680K, reserved 1056768K
  class space    used 617K, capacity 656K, committed 768K, reserved 1048576K
}
Event: 15.980 GC heap before
{Heap before GC invocations=16 (full 3):
 PSYoungGen      total 750080K, used 714366K [0x000000076ab00000, 0x00000007a8a00000, 0x00000007c0000000)
  eden space 612864K, 100% used [0x000000076ab00000,0x0000000790180000,0x0000000790180000)
  from space 137216K, 73% used [0x000000079ad00000,0x00000007a101fad0,0x00000007a3300000)
  to   space 175616K, 0% used [0x0000000790180000,0x0000000790180000,0x000000079ad00000)
 ParOldGen       total 521728K, used 315875K [0x00000006c0000000, 0x00000006dfd80000, 0x000000076ab00000)
  object space 521728K, 60% used [0x00000006c0000000,0x00000006d3478c40,0x00000006dfd80000)
 Metaspace       used 6594K, capacity 7320K, committed 7680K, reserved 1056768K
  class space    used 618K, capacity 656K, committed 768K, reserved 1048576K
Event: 16.314 GC heap after
Heap after GC invocations=16 (full 3):
 PSYoungGen      total 788480K, used 104959K [0x000000076ab00000, 0x00000007abf00000, 0x00000007c0000000)
  eden space 612864K, 0% used [0x000000076ab00000,0x000000076ab00000,0x0000000790180000)
  from space 175616K, 59% used [0x0000000790180000,0x00000007967ffe10,0x000000079ad00000)
  to   space 180224K, 0% used [0x00000007a0f00000,0x00000007a0f00000,0x00000007abf00000)
 ParOldGen       total 521728K, used 418476K [0x00000006c0000000, 0x00000006dfd80000, 0x000000076ab00000)
  object space 521728K, 80% used [0x00000006c0000000,0x00000006d98ab308,0x00000006dfd80000)
 Metaspace       used 6594K, capacity 7320K, committed 7680K, reserved 1056768K
  class space    used 618K, capacity 656K, committed 768K, reserved 1048576K
}
Event: 18.359 GC heap before
{Heap before GC invocations=17 (full 3):
 PSYoungGen      total 788480K, used 717823K [0x000000076ab00000, 0x00000007abf00000, 0x00000007c0000000)
  eden space 612864K, 100% used [0x000000076ab00000,0x0000000790180000,0x0000000790180000)
  from space 175616K, 59% used [0x0000000790180000,0x00000007967ffe10,0x000000079ad00000)
  to   space 180224K, 0% used [0x00000007a0f00000,0x00000007a0f00000,0x00000007abf00000)
 ParOldGen       total 521728K, used 418476K [0x00000006c0000000, 0x00000006dfd80000, 0x000000076ab00000)
  object space 521728K, 80% used [0x00000006c0000000,0x00000006d98ab308,0x00000006dfd80000)
 Metaspace       used 6594K, capacity 7320K, committed 7680K, reserved 1056768K
  class space    used 618K, capacity 656K, committed 768K, reserved 1048576K
Event: 18.569 GC heap after
Heap after GC invocations=17 (full 3):
 PSYoungGen      total 850944K, used 180192K [0x000000076ab00000, 0x00000007b0800000, 0x00000007c0000000)
  eden space 670720K, 0% used [0x000000076ab00000,0x000000076ab00000,0x0000000793a00000)
  from space 180224K, 99% used [0x00000007a0f00000,0x00000007abef8268,0x00000007abf00000)
  to   space 218112K, 0% used [0x0000000793a00000,0x0000000793a00000,0x00000007a0f00000)
 ParOldGen       total 521728K, used 436964K [0x00000006c0000000, 0x00000006dfd80000, 0x000000076ab00000)
  object space 521728K, 83% used [0x00000006c0000000,0x00000006daab9028,0x00000006dfd80000)
 Metaspace       used 6594K, capacity 7320K, committed 7680K, reserved 1056768K
  class space    used 618K, capacity 656K, committed 768K, reserved 1048576K
}
Event: 18.569 GC heap before
{Heap before GC invocations=18 (full 4):
 PSYoungGen      total 850944K, used 180192K [0x000000076ab00000, 0x00000007b0800000, 0x00000007c0000000)
  eden space 670720K, 0% used [0x000000076ab00000,0x000000076ab00000,0x0000000793a00000)
  from space 180224K, 99% used [0x00000007a0f00000,0x00000007abef8268,0x00000007abf00000)
  to   space 218112K, 0% used [0x0000000793a00000,0x0000000793a00000,0x00000007a0f00000)
 ParOldGen       total 521728K, used 436964K [0x00000006c0000000, 0x00000006dfd80000, 0x000000076ab00000)
  object space 521728K, 83% used [0x00000006c0000000,0x00000006daab9028,0x00000006dfd80000)
 Metaspace       used 6594K, capacity 7320K, committed 7680K, reserved 1056768K
  class space    used 618K, capacity 656K, committed 768K, reserved 1048576K
Event: 21.475 GC heap after
Heap after GC invocations=18 (full 4):
 PSYoungGen      total 850944K, used 89748K [0x000000076ab00000, 0x00000007b0800000, 0x00000007c0000000)
  eden space 670720K, 0% used [0x000000076ab00000,0x000000076ab00000,0x0000000793a00000)
  from space 180224K, 49% used [0x00000007a0f00000,0x00000007a66a51e0,0x00000007abf00000)
  to   space 218112K, 0% used [0x0000000793a00000,0x0000000793a00000,0x00000007a0f00000)
 ParOldGen       total 813056K, used 521402K [0x00000006c0000000, 0x00000006f1a00000, 0x000000076ab00000)
  object space 813056K, 64% used [0x00000006c0000000,0x00000006dfd2e858,0x00000006f1a00000)
 Metaspace       used 6594K, capacity 7320K, committed 7680K, reserved 1056768K
  class space    used 618K, capacity 656K, committed 768K, reserved 1048576K
}
Event: 22.531 GC heap before
{Heap before GC invocations=19 (full 4):
 PSYoungGen      total 850944K, used 760468K [0x000000076ab00000, 0x00000007b0800000, 0x00000007c0000000)
  eden space 670720K, 100% used [0x000000076ab00000,0x0000000793a00000,0x0000000793a00000)
  from space 180224K, 49% used [0x00000007a0f00000,0x00000007a66a51e0,0x00000007abf00000)
  to   space 218112K, 0% used [0x0000000793a00000,0x0000000793a00000,0x00000007a0f00000)
 ParOldGen       total 813056K, used 521402K [0x00000006c0000000, 0x00000006f1a00000, 0x000000076ab00000)
  object space 813056K, 64% used [0x00000006c0000000,0x00000006dfd2e858,0x00000006f1a00000)
 Metaspace       used 6594K, capacity 7320K, committed 7680K, reserved 1056768K
  class space    used 618K, capacity 656K, committed 768K, reserved 1048576K
Event: 22.788 GC heap after
Heap after GC invocations=19 (full 4):
 PSYoungGen      total 888832K, used 184886K [0x000000076ab00000, 0x00000007b6b00000, 0x00000007c0000000)
  eden space 670720K, 0% used [0x000000076ab00000,0x000000076ab00000,0x0000000793a00000)
  from space 218112K, 84% used [0x0000000793a00000,0x000000079ee8d9b8,0x00000007a0f00000)
  to   space 243200K, 0% used [0x00000007a7d80000,0x00000007a7d80000,0x00000007b6b00000)
 ParOldGen       total 813056K, used 603074K [0x00000006c0000000, 0x00000006f1a00000, 0x000000076ab00000)
  object space 813056K, 74% used [0x00000006c0000000,0x00000006e4cf0840,0x00000006f1a00000)
 Metaspace       used 6594K, capacity 7320K, committed 7680K, reserved 1056768K
  class space    used 618K, capacity 656K, committed 768K, reserved 1048576K
}

