# JRE version: Java(TM) SE Runtime Environment (8.0_40-b25) (build 1.8.0_40-b25)
# Java VM: Java HotSpot(TM) 64-Bit Server VM (25.40-b25 mixed mode windows-amd64 compressed oops)
Heap:
 PSYoungGen      total 860160K, used 772622K [0x000000076ab00000, 0x00000007b2c80000, 0x00000007c0000000)
  eden space 643072K, 100% used [0x000000076ab00000,0x0000000791f00000,0x0000000791f00000)
  from space 217088K, 59% used [0x0000000791f00000,0x0000000799d838f8,0x000000079f300000)
  to   space 222208K, 24% used [0x00000007a5380000,0x00000007a87ca760,0x00000007b2c80000)
 ParOldGen       total 814080K, used 603863K [0x00000006c0000000, 0x00000006f1b00000, 0x000000076ab00000)
  object space 814080K, 74% used [0x00000006c0000000,0x00000006e4db5d08,0x00000006f1b00000)
 Metaspace       used 6594K, capacity 7320K, committed 7680K, reserved 1056768K
  class space    used 619K, capacity 656K, committed 768K, reserved 1048576K
GC Heap History (10 events):
Event: 15.414 GC heap after
Heap after GC invocations=15 (full 3):
 PSYoungGen      total 730624K, used 87661K [0x000000076ab00000, 0x00000007a6900000, 0x00000007c0000000)
  eden space 598016K, 0% used [0x000000076ab00000,0x000000076ab00000,0x000000078f300000)
  from space 132608K, 66% used [0x0000000799780000,0x000000079ed1b548,0x00000007a1900000)
  to   space 168448K, 0% used [0x000000078f300000,0x000000078f300000,0x0000000799780000)
 ParOldGen       total 522752K, used 315748K [0x00000006c0000000, 0x00000006dfe80000, 0x000000076ab00000)
  object space 522752K, 60% used [0x00000006c0000000,0x00000006d3459108,0x00000006dfe80000)
 Metaspace       used 6576K, capacity 7320K, committed 7680K, reserved 1056768K
  class space    used 616K, capacity 656K, committed 768K, reserved 1048576K
}
Event: 17.234 GC heap before
{Heap before GC invocations=16 (full 3):
 PSYoungGen      total 730624K, used 685677K [0x000000076ab00000, 0x00000007a6900000, 0x00000007c0000000)
  eden space 598016K, 100% used [0x000000076ab00000,0x000000078f300000,0x000000078f300000)
  from space 132608K, 66% used [0x0000000799780000,0x000000079ed1b548,0x00000007a1900000)
  to   space 168448K, 0% used [0x000000078f300000,0x000000078f300000,0x0000000799780000)
 ParOldGen       total 522752K, used 315748K [0x00000006c0000000, 0x00000006dfe80000, 0x000000076ab00000)
  object space 522752K, 60% used [0x00000006c0000000,0x00000006d3459108,0x00000006dfe80000)
 Metaspace       used 6591K, capacity 7320K, committed 7680K, reserved 1056768K
  class space    used 617K, capacity 656K, committed 768K, reserved 1048576K
Event: 17.636 GC heap after
Heap after GC invocations=16 (full 3):
 PSYoungGen      total 766464K, used 96367K [0x000000076ab00000, 0x00000007a9a80000, 0x00000007c0000000)
  eden space 598016K, 0% used [0x000000076ab00000,0x000000076ab00000,0x000000078f300000)
  from space 168448K, 57% used [0x000000078f300000,0x000000079511bf00,0x0000000799780000)
  to   space 171520K, 0% used [0x000000079f300000,0x000000079f300000,0x00000007a9a80000)
 ParOldGen       total 522752K, used 404380K [0x00000006c0000000, 0x00000006dfe80000, 0x000000076ab00000)
  object space 522752K, 77% used [0x00000006c0000000,0x00000006d8ae7260,0x00000006dfe80000)
 Metaspace       used 6591K, capacity 7320K, committed 7680K, reserved 1056768K
  class space    used 617K, capacity 656K, committed 768K, reserved 1048576K
}
Event: 19.259 GC heap before
{Heap before GC invocations=17 (full 3):
 PSYoungGen      total 766464K, used 694383K [0x000000076ab00000, 0x00000007a9a80000, 0x00000007c0000000)
  eden space 598016K, 100% used [0x000000076ab00000,0x000000078f300000,0x000000078f300000)
  from space 168448K, 57% used [0x000000078f300000,0x000000079511bf00,0x0000000799780000)
  to   space 171520K, 0% used [0x000000079f300000,0x000000079f300000,0x00000007a9a80000)
 ParOldGen       total 522752K, used 404380K [0x00000006c0000000, 0x00000006dfe80000, 0x000000076ab00000)
  object space 522752K, 77% used [0x00000006c0000000,0x00000006d8ae7260,0x00000006dfe80000)
 Metaspace       used 6591K, capacity 7320K, committed 7680K, reserved 1056768K
  class space    used 618K, capacity 656K, committed 768K, reserved 1048576K
Event: 19.599 GC heap after
Heap after GC invocations=17 (full 3):
 PSYoungGen      total 814592K, used 171519K [0x000000076ab00000, 0x00000007b0000000, 0x00000007c0000000)
  eden space 643072K, 0% used [0x000000076ab00000,0x000000076ab00000,0x0000000791f00000)
  from space 171520K, 99% used [0x000000079f300000,0x00000007a9a7fc50,0x00000007a9a80000)
  to   space 217088K, 0% used [0x0000000791f00000,0x0000000791f00000,0x000000079f300000)
 ParOldGen       total 522752K, used 447821K [0x00000006c0000000, 0x00000006dfe80000, 0x000000076ab00000)
  object space 522752K, 85% used [0x00000006c0000000,0x00000006db553728,0x00000006dfe80000)
 Metaspace       used 6591K, capacity 7320K, committed 7680K, reserved 1056768K
  class space    used 618K, capacity 656K, committed 768K, reserved 1048576K
}
Event: 19.599 GC heap before
{Heap before GC invocations=18 (full 4):
 PSYoungGen      total 814592K, used 171519K [0x000000076ab00000, 0x00000007b0000000, 0x00000007c0000000)
  eden space 643072K, 0% used [0x000000076ab00000,0x000000076ab00000,0x0000000791f00000)
  from space 171520K, 99% used [0x000000079f300000,0x00000007a9a7fc50,0x00000007a9a80000)
  to   space 217088K, 0% used [0x0000000791f00000,0x0000000791f00000,0x000000079f300000)
 ParOldGen       total 522752K, used 447821K [0x00000006c0000000, 0x00000006dfe80000, 0x000000076ab00000)
  object space 522752K, 85% used [0x00000006c0000000,0x00000006db553728,0x00000006dfe80000)
 Metaspace       used 6591K, capacity 7320K, committed 7680K, reserved 1056768K
  class space    used 618K, capacity 656K, committed 768K, reserved 1048576K
Event: 21.931 GC heap after
Heap after GC invocations=18 (full 4):
 PSYoungGen      total 814592K, used 89693K [0x000000076ab00000, 0x00000007b0000000, 0x00000007c0000000)
  eden space 643072K, 0% used [0x000000076ab00000,0x000000076ab00000,0x0000000791f00000)
  from space 171520K, 52% used [0x000000079f300000,0x00000007a4a97688,0x00000007a9a80000)
  to   space 217088K, 0% used [0x0000000791f00000,0x0000000791f00000,0x000000079f300000)
 ParOldGen       total 814080K, used 522737K [0x00000006c0000000, 0x00000006f1b00000, 0x000000076ab00000)
  object space 814080K, 64% used [0x00000006c0000000,0x00000006dfe7c7b8,0x00000006f1b00000)
 Metaspace       used 6591K, capacity 7320K, committed 7680K, reserved 1056768K
  class space    used 618K, capacity 656K, committed 768K, reserved 1048576K
}
Event: 24.709 GC heap before
{Heap before GC invocations=19 (full 4):
 PSYoungGen      total 814592K, used 732765K [0x000000076ab00000, 0x00000007b0000000, 0x00000007c0000000)
  eden space 643072K, 100% used [0x000000076ab00000,0x0000000791f00000,0x0000000791f00000)
  from space 171520K, 52% used [0x000000079f300000,0x00000007a4a97688,0x00000007a9a80000)
  to   space 217088K, 0% used [0x0000000791f00000,0x0000000791f00000,0x000000079f300000)
 ParOldGen       total 814080K, used 522737K [0x00000006c0000000, 0x00000006f1b00000, 0x000000076ab00000)
  object space 814080K, 64% used [0x00000006c0000000,0x00000006dfe7c7b8,0x00000006f1b00000)
 Metaspace       used 6592K, capacity 7320K, committed 7680K, reserved 1056768K
  class space    used 618K, capacity 656K, committed 768K, reserved 1048576K
Event: 24.927 GC heap after
Heap after GC invocations=19 (full 4):
 PSYoungGen      total 860160K, used 129550K [0x000000076ab00000, 0x00000007b2c80000, 0x00000007c0000000)
  eden space 643072K, 0% used [0x000000076ab00000,0x000000076ab00000,0x0000000791f00000)
  from space 217088K, 59% used [0x0000000791f00000,0x0000000799d838f8,0x000000079f300000)
  to   space 222208K, 0% used [0x00000007a5380000,0x00000007a5380000,0x00000007b2c80000)
 ParOldGen       total 814080K, used 603863K [0x00000006c0000000, 0x00000006f1b00000, 0x000000076ab00000)
  object space 814080K, 74% used [0x00000006c0000000,0x00000006e4db5d08,0x00000006f1b00000)
 Metaspace       used 6592K, capacity 7320K, committed 7680K, reserved 1056768K
  class space    used 618K, capacity 656K, committed 768K, reserved 1048576K
}
Event: 26.157 GC heap before
{Heap before GC invocations=20 (full 4):
 PSYoungGen      total 860160K, used 772622K [0x000000076ab00000, 0x00000007b2c80000, 0x00000007c0000000)
  eden space 643072K, 100% used [0x000000076ab00000,0x0000000791f00000,0x0000000791f00000)
  from space 217088K, 59% used [0x0000000791f00000,0x0000000799d838f8,0x000000079f300000)
  to   space 222208K, 0% used [0x00000007a5380000,0x00000007a5380000,0x00000007b2c80000)
 ParOldGen       total 814080K, used 603863K [0x00000006c0000000, 0x00000006f1b00000, 0x000000076ab00000)
  object space 814080K, 74% used [0x00000006c0000000,0x00000006e4db5d08,0x00000006f1b00000)
 Metaspace       used 6594K, capacity 7320K, committed 7680K, reserved 1056768K
  class space    used 619K, capacity 656K, committed 768K, reserved 1048576K

