# JRE version: Java(TM) SE Runtime Environment (8.0_40-b25) (build 1.8.0_40-b25)
# Java VM: Java HotSpot(TM) 64-Bit Server VM (25.40-b25 mixed mode windows-amd64 compressed oops)
Heap:
 PSYoungGen      total 847872K, used 304556K [0x000000076ab00000, 0x00000007b1680000, 0x00000007c0000000)
  eden space 569344K, 34% used [0x000000076ab00000,0x0000000776c38c90,0x000000078d700000)
  from space 278528K, 38% used [0x000000078d700000,0x0000000793f32408,0x000000079e700000)
  to   space 263680K, 0% used [0x00000007a1500000,0x00000007a1500000,0x00000007b1680000)
 ParOldGen       total 828416K, used 626142K [0x00000006c0000000, 0x00000006f2900000, 0x000000076ab00000)
  object space 828416K, 75% used [0x00000006c0000000,0x00000006e6377ae8,0x00000006f2900000)
 Metaspace       used 6586K, capacity 7320K, committed 7680K, reserved 1056768K
  class space    used 619K, capacity 656K, committed 768K, reserved 1048576K
GC Heap History (10 events):
Event: 14.868 GC heap before
{Heap before GC invocations=19 (full 3):
 PSYoungGen      total 609792K, used 557412K [0x000000076ab00000, 0x000000079cf00000, 0x00000007c0000000)
  eden space 479744K, 100% used [0x000000076ab00000,0x0000000787f80000,0x0000000787f80000)
  from space 130048K, 59% used [0x0000000787f80000,0x000000078cb590b0,0x000000078fe80000)
  to   space 133120K, 0% used [0x0000000794d00000,0x0000000794d00000,0x000000079cf00000)
 ParOldGen       total 483840K, used 345960K [0x00000006c0000000, 0x00000006dd880000, 0x000000076ab00000)
  object space 483840K, 71% used [0x00000006c0000000,0x00000006d51da3d0,0x00000006dd880000)
 Metaspace       used 6584K, capacity 7320K, committed 7680K, reserved 1056768K
  class space    used 619K, capacity 656K, committed 768K, reserved 1048576K
Event: 15.085 GC heap after
Heap after GC invocations=19 (full 3):
 PSYoungGen      total 659968K, used 133106K [0x000000076ab00000, 0x00000007a1200000, 0x00000007c0000000)
  eden space 526848K, 0% used [0x000000076ab00000,0x000000076ab00000,0x000000078ad80000)
  from space 133120K, 99% used [0x0000000794d00000,0x000000079cefcab8,0x000000079cf00000)
  to   space 163328K, 0% used [0x000000078ad80000,0x000000078ad80000,0x0000000794d00000)
 ParOldGen       total 483840K, used 366671K [0x00000006c0000000, 0x00000006dd880000, 0x000000076ab00000)
  object space 483840K, 75% used [0x00000006c0000000,0x00000006d6613e78,0x00000006dd880000)
 Metaspace       used 6584K, capacity 7320K, committed 7680K, reserved 1056768K
  class space    used 619K, capacity 656K, committed 768K, reserved 1048576K
}
Event: 16.631 GC heap before
{Heap before GC invocations=20 (full 3):
 PSYoungGen      total 659968K, used 659954K [0x000000076ab00000, 0x00000007a1200000, 0x00000007c0000000)
  eden space 526848K, 100% used [0x000000076ab00000,0x000000078ad80000,0x000000078ad80000)
  from space 133120K, 99% used [0x0000000794d00000,0x000000079cefcab8,0x000000079cf00000)
  to   space 163328K, 0% used [0x000000078ad80000,0x000000078ad80000,0x0000000794d00000)
 ParOldGen       total 483840K, used 366700K [0x00000006c0000000, 0x00000006dd880000, 0x000000076ab00000)
  object space 483840K, 75% used [0x00000006c0000000,0x00000006d661b070,0x00000006dd880000)
 Metaspace       used 6584K, capacity 7320K, committed 7680K, reserved 1056768K
  class space    used 619K, capacity 656K, committed 768K, reserved 1048576K
Event: 16.980 GC heap after
Heap after GC invocations=20 (full 3):
 PSYoungGen      total 690176K, used 163323K [0x000000076ab00000, 0x00000007add80000, 0x00000007c0000000)
  eden space 526848K, 0% used [0x000000076ab00000,0x000000076ab00000,0x000000078ad80000)
  from space 163328K, 99% used [0x000000078ad80000,0x0000000794cfee90,0x0000000794d00000)
  to   space 252416K, 0% used [0x000000079e700000,0x000000079e700000,0x00000007add80000)
 ParOldGen       total 531968K, used 531760K [0x00000006c0000000, 0x00000006e0780000, 0x000000076ab00000)
  object space 531968K, 99% used [0x00000006c0000000,0x00000006e074c3e8,0x00000006e0780000)
 Metaspace       used 6584K, capacity 7320K, committed 7680K, reserved 1056768K
  class space    used 619K, capacity 656K, committed 768K, reserved 1048576K
}
Event: 16.980 GC heap before
{Heap before GC invocations=21 (full 4):
 PSYoungGen      total 690176K, used 163323K [0x000000076ab00000, 0x00000007add80000, 0x00000007c0000000)
  eden space 526848K, 0% used [0x000000076ab00000,0x000000076ab00000,0x000000078ad80000)
  from space 163328K, 99% used [0x000000078ad80000,0x0000000794cfee90,0x0000000794d00000)
  to   space 252416K, 0% used [0x000000079e700000,0x000000079e700000,0x00000007add80000)
 ParOldGen       total 531968K, used 531760K [0x00000006c0000000, 0x00000006e0780000, 0x000000076ab00000)
  object space 531968K, 99% used [0x00000006c0000000,0x00000006e074c3e8,0x00000006e0780000)
 Metaspace       used 6584K, capacity 7320K, committed 7680K, reserved 1056768K
  class space    used 619K, capacity 656K, committed 768K, reserved 1048576K
Event: 19.691 GC heap after
Heap after GC invocations=21 (full 4):
 PSYoungGen      total 690176K, used 145092K [0x000000076ab00000, 0x00000007add80000, 0x00000007c0000000)
  eden space 526848K, 0% used [0x000000076ab00000,0x000000076ab00000,0x000000078ad80000)
  from space 163328K, 88% used [0x000000078ad80000,0x0000000793b31008,0x0000000794d00000)
  to   space 252416K, 0% used [0x000000079e700000,0x000000079e700000,0x00000007add80000)
 ParOldGen       total 828416K, used 531676K [0x00000006c0000000, 0x00000006f2900000, 0x000000076ab00000)
  object space 828416K, 64% used [0x00000006c0000000,0x00000006e0737380,0x00000006f2900000)
 Metaspace       used 6584K, capacity 7320K, committed 7680K, reserved 1056768K
  class space    used 619K, capacity 656K, committed 768K, reserved 1048576K
}
Event: 21.156 GC heap before
{Heap before GC invocations=22 (full 4):
 PSYoungGen      total 690176K, used 671940K [0x000000076ab00000, 0x00000007add80000, 0x00000007c0000000)
  eden space 526848K, 100% used [0x000000076ab00000,0x000000078ad80000,0x000000078ad80000)
  from space 163328K, 88% used [0x000000078ad80000,0x0000000793b31008,0x0000000794d00000)
  to   space 252416K, 0% used [0x000000079e700000,0x000000079e700000,0x00000007add80000)
 ParOldGen       total 828416K, used 531676K [0x00000006c0000000, 0x00000006f2900000, 0x000000076ab00000)
  object space 828416K, 64% used [0x00000006c0000000,0x00000006e0737380,0x00000006f2900000)
 Metaspace       used 6584K, capacity 7320K, committed 7680K, reserved 1056768K
  class space    used 619K, capacity 656K, committed 768K, reserved 1048576K
Event: 21.577 GC heap after
Heap after GC invocations=22 (full 4):
 PSYoungGen      total 821760K, used 201377K [0x000000076ab00000, 0x00000007b0980000, 0x00000007c0000000)
  eden space 569344K, 0% used [0x000000076ab00000,0x000000076ab00000,0x000000078d700000)
  from space 252416K, 79% used [0x000000079e700000,0x00000007aaba8700,0x00000007add80000)
  to   space 278528K, 0% used [0x000000078d700000,0x000000078d700000,0x000000079e700000)
 ParOldGen       total 828416K, used 626142K [0x00000006c0000000, 0x00000006f2900000, 0x000000076ab00000)
  object space 828416K, 75% used [0x00000006c0000000,0x00000006e6377ae8,0x00000006f2900000)
 Metaspace       used 6584K, capacity 7320K, committed 7680K, reserved 1056768K
  class space    used 619K, capacity 656K, committed 768K, reserved 1048576K
}
Event: 23.258 GC heap before
{Heap before GC invocations=23 (full 4):
 PSYoungGen      total 821760K, used 770721K [0x000000076ab00000, 0x00000007b0980000, 0x00000007c0000000)
  eden space 569344K, 100% used [0x000000076ab00000,0x000000078d700000,0x000000078d700000)
  from space 252416K, 79% used [0x000000079e700000,0x00000007aaba8700,0x00000007add80000)
  to   space 278528K, 0% used [0x000000078d700000,0x000000078d700000,0x000000079e700000)
 ParOldGen       total 828416K, used 626142K [0x00000006c0000000, 0x00000006f2900000, 0x000000076ab00000)
  object space 828416K, 75% used [0x00000006c0000000,0x00000006e6377ae8,0x00000006f2900000)
 Metaspace       used 6586K, capacity 7320K, committed 7680K, reserved 1056768K
  class space    used 619K, capacity 656K, committed 768K, reserved 1048576K
Event: 23.400 GC heap after
Heap after GC invocations=23 (full 4):
 PSYoungGen      total 847872K, used 106697K [0x000000076ab00000, 0x00000007b1680000, 0x00000007c0000000)
  eden space 569344K, 0% used [0x000000076ab00000,0x000000076ab00000,0x000000078d700000)
  from space 278528K, 38% used [0x000000078d700000,0x0000000793f32408,0x000000079e700000)
  to   space 263680K, 0% used [0x00000007a1500000,0x00000007a1500000,0x00000007b1680000)
 ParOldGen       total 828416K, used 626142K [0x00000006c0000000, 0x00000006f2900000, 0x000000076ab00000)
  object space 828416K, 75% used [0x00000006c0000000,0x00000006e6377ae8,0x00000006f2900000)
 Metaspace       used 6586K, capacity 7320K, committed 7680K, reserved 1056768K
  class space    used 619K, capacity 656K, committed 768K, reserved 1048576K
}

