# JRE version: Java(TM) SE Runtime Environment (8.0_40-b25) (build 1.8.0_40-b25)
# Java VM: Java HotSpot(TM) 64-Bit Server VM (25.40-b25 mixed mode windows-amd64 compressed oops)
Heap:
 PSYoungGen      total 892928K, used 583168K [0x000000076ab00000, 0x00000007b7980000, 0x00000007c0000000)
  eden space 583168K, 100% used [0x000000076ab00000,0x000000078e480000,0x000000078e480000)
  from space 309760K, 0% used [0x00000007a4b00000,0x00000007a4b00000,0x00000007b7980000)
  to   space 196096K, 0% used [0x000000078e480000,0x000000078e480000,0x000000079a400000)
 ParOldGen       total 925696K, used 895727K [0x00000006c0000000, 0x00000006f8800000, 0x000000076ab00000)
  object space 925696K, 96% used [0x00000006c0000000,0x00000006f6abbe68,0x00000006f8800000)
 Metaspace       used 6703K, capacity 7384K, committed 7680K, reserved 1056768K
  class space    used 624K, capacity 656K, committed 768K, reserved 1048576K
GC Heap History (10 events):
Event: 23.090 GC heap after
Heap after GC invocations=21 (full 4):
 PSYoungGen      total 779264K, used 149519K [0x000000076ab00000, 0x00000007b7980000, 0x00000007c0000000)
  eden space 583168K, 0% used [0x000000076ab00000,0x000000076ab00000,0x000000078e480000)
  from space 196096K, 76% used [0x000000078e480000,0x0000000797683e00,0x000000079a400000)
  to   space 309760K, 0% used [0x00000007a4b00000,0x00000007a4b00000,0x00000007b7980000)
 ParOldGen       total 925696K, used 641807K [0x00000006c0000000, 0x00000006f8800000, 0x000000076ab00000)
  object space 925696K, 69% used [0x00000006c0000000,0x00000006e72c3ee8,0x00000006f8800000)
 Metaspace       used 6590K, capacity 7320K, committed 7680K, reserved 1056768K
  class space    used 617K, capacity 656K, committed 768K, reserved 1048576K
}
Event: 24.314 GC heap before
{Heap before GC invocations=22 (full 4):
 PSYoungGen      total 779264K, used 732687K [0x000000076ab00000, 0x00000007b7980000, 0x00000007c0000000)
  eden space 583168K, 100% used [0x000000076ab00000,0x000000078e480000,0x000000078e480000)
  from space 196096K, 76% used [0x000000078e480000,0x0000000797683e00,0x000000079a400000)
  to   space 309760K, 0% used [0x00000007a4b00000,0x00000007a4b00000,0x00000007b7980000)
 ParOldGen       total 925696K, used 641807K [0x00000006c0000000, 0x00000006f8800000, 0x000000076ab00000)
  object space 925696K, 69% used [0x00000006c0000000,0x00000006e72c3ee8,0x00000006f8800000)
 Metaspace       used 6592K, capacity 7320K, committed 7680K, reserved 1056768K
  class space    used 618K, capacity 656K, committed 768K, reserved 1048576K
Event: 24.557 GC heap after
Heap after GC invocations=22 (full 4):
 PSYoungGen      total 892928K, used 241963K [0x000000076ab00000, 0x00000007b7980000, 0x00000007c0000000)
  eden space 583168K, 0% used [0x000000076ab00000,0x000000076ab00000,0x000000078e480000)
  from space 309760K, 78% used [0x00000007a4b00000,0x00000007b374af30,0x00000007b7980000)
  to   space 196096K, 0% used [0x000000078e480000,0x000000078e480000,0x000000079a400000)
 ParOldGen       total 925696K, used 641807K [0x00000006c0000000, 0x00000006f8800000, 0x000000076ab00000)
  object space 925696K, 69% used [0x00000006c0000000,0x00000006e72c3ee8,0x00000006f8800000)
 Metaspace       used 6592K, capacity 7320K, committed 7680K, reserved 1056768K
  class space    used 618K, capacity 656K, committed 768K, reserved 1048576K
}
Event: 25.711 GC heap before
{Heap before GC invocations=23 (full 4):
 PSYoungGen      total 892928K, used 825131K [0x000000076ab00000, 0x00000007b7980000, 0x00000007c0000000)
  eden space 583168K, 100% used [0x000000076ab00000,0x000000078e480000,0x000000078e480000)
  from space 309760K, 78% used [0x00000007a4b00000,0x00000007b374af30,0x00000007b7980000)
  to   space 196096K, 0% used [0x000000078e480000,0x000000078e480000,0x000000079a400000)
 ParOldGen       total 925696K, used 641807K [0x00000006c0000000, 0x00000006f8800000, 0x000000076ab00000)
  object space 925696K, 69% used [0x00000006c0000000,0x00000006e72c3ee8,0x00000006f8800000)
 Metaspace       used 6658K, capacity 7384K, committed 7680K, reserved 1056768K
  class space    used 622K, capacity 656K, committed 768K, reserved 1048576K
Event: 26.029 GC heap after
Heap after GC invocations=23 (full 4):
 PSYoungGen      total 779264K, used 196077K [0x000000076ab00000, 0x00000007b7980000, 0x00000007c0000000)
  eden space 583168K, 0% used [0x000000076ab00000,0x000000076ab00000,0x000000078e480000)
  from space 196096K, 99% used [0x000000078e480000,0x000000079a3fb678,0x000000079a400000)
  to   space 309760K, 0% used [0x00000007a4b00000,0x00000007a4b00000,0x00000007b7980000)
 ParOldGen       total 925696K, used 779480K [0x00000006c0000000, 0x00000006f8800000, 0x000000076ab00000)
  object space 925696K, 84% used [0x00000006c0000000,0x00000006ef936180,0x00000006f8800000)
 Metaspace       used 6658K, capacity 7384K, committed 7680K, reserved 1056768K
  class space    used 622K, capacity 656K, committed 768K, reserved 1048576K
}
Event: 27.237 GC heap before
{Heap before GC invocations=24 (full 4):
 PSYoungGen      total 779264K, used 779245K [0x000000076ab00000, 0x00000007b7980000, 0x00000007c0000000)
  eden space 583168K, 100% used [0x000000076ab00000,0x000000078e480000,0x000000078e480000)
  from space 196096K, 99% used [0x000000078e480000,0x000000079a3fb678,0x000000079a400000)
  to   space 309760K, 0% used [0x00000007a4b00000,0x00000007a4b00000,0x00000007b7980000)
 ParOldGen       total 925696K, used 779480K [0x00000006c0000000, 0x00000006f8800000, 0x000000076ab00000)
  object space 925696K, 84% used [0x00000006c0000000,0x00000006ef936180,0x00000006f8800000)
 Metaspace       used 6699K, capacity 7384K, committed 7680K, reserved 1056768K
  class space    used 624K, capacity 656K, committed 768K, reserved 1048576K
Event: 27.490 GC heap after
Heap after GC invocations=24 (full 4):
 PSYoungGen      total 892928K, used 273085K [0x000000076ab00000, 0x00000007b7980000, 0x00000007c0000000)
  eden space 583168K, 0% used [0x000000076ab00000,0x000000076ab00000,0x000000078e480000)
  from space 309760K, 88% used [0x00000007a4b00000,0x00000007b55af710,0x00000007b7980000)
  to   space 196096K, 0% used [0x000000078e480000,0x000000078e480000,0x000000079a400000)
 ParOldGen       total 925696K, used 794790K [0x00000006c0000000, 0x00000006f8800000, 0x000000076ab00000)
  object space 925696K, 85% used [0x00000006c0000000,0x00000006f0829870,0x00000006f8800000)
 Metaspace       used 6699K, capacity 7384K, committed 7680K, reserved 1056768K
  class space    used 624K, capacity 656K, committed 768K, reserved 1048576K
}
Event: 27.490 GC heap before
{Heap before GC invocations=25 (full 5):
 PSYoungGen      total 892928K, used 273085K [0x000000076ab00000, 0x00000007b7980000, 0x00000007c0000000)
  eden space 583168K, 0% used [0x000000076ab00000,0x000000076ab00000,0x000000078e480000)
  from space 309760K, 88% used [0x00000007a4b00000,0x00000007b55af710,0x00000007b7980000)
  to   space 196096K, 0% used [0x000000078e480000,0x000000078e480000,0x000000079a400000)
 ParOldGen       total 925696K, used 794790K [0x00000006c0000000, 0x00000006f8800000, 0x000000076ab00000)
  object space 925696K, 85% used [0x00000006c0000000,0x00000006f0829870,0x00000006f8800000)
 Metaspace       used 6699K, capacity 7384K, committed 7680K, reserved 1056768K
  class space    used 624K, capacity 656K, committed 768K, reserved 1048576K
Event: 30.202 GC heap after
Heap after GC invocations=25 (full 5):
 PSYoungGen      total 892928K, used 0K [0x000000076ab00000, 0x00000007b7980000, 0x00000007c0000000)
  eden space 583168K, 0% used [0x000000076ab00000,0x000000076ab00000,0x000000078e480000)
  from space 309760K, 0% used [0x00000007a4b00000,0x00000007a4b00000,0x00000007b7980000)
  to   space 196096K, 0% used [0x000000078e480000,0x000000078e480000,0x000000079a400000)
 ParOldGen       total 925696K, used 895727K [0x00000006c0000000, 0x00000006f8800000, 0x000000076ab00000)
  object space 925696K, 96% used [0x00000006c0000000,0x00000006f6abbe68,0x00000006f8800000)
 Metaspace       used 6699K, capacity 7384K, committed 7680K, reserved 1056768K
  class space    used 624K, capacity 656K, committed 768K, reserved 1048576K
}
Event: 31.314 GC heap before
{Heap before GC invocations=26 (full 6):
 PSYoungGen      total 892928K, used 583168K [0x000000076ab00000, 0x00000007b7980000, 0x00000007c0000000)
  eden space 583168K, 100% used [0x000000076ab00000,0x000000078e480000,0x000000078e480000)
  from space 309760K, 0% used [0x00000007a4b00000,0x00000007a4b00000,0x00000007b7980000)
  to   space 196096K, 0% used [0x000000078e480000,0x000000078e480000,0x000000079a400000)
 ParOldGen       total 925696K, used 895727K [0x00000006c0000000, 0x00000006f8800000, 0x000000076ab00000)
  object space 925696K, 96% used [0x00000006c0000000,0x00000006f6abbe68,0x00000006f8800000)
 Metaspace       used 6703K, capacity 7384K, committed 7680K, reserved 1056768K
  class space    used 624K, capacity 656K, committed 768K, reserved 1048576K

