# JRE version: Java(TM) SE Runtime Environment (8.0_40-b25) (build 1.8.0_40-b25)
# Java VM: Java HotSpot(TM) 64-Bit Server VM (25.40-b25 mixed mode windows-amd64 compressed oops)
Heap:
 PSYoungGen      total 986112K, used 226195K [0x000000076ab00000, 0x00000007c0000000, 0x00000007c0000000)
  eden space 676864K, 17% used [0x000000076ab00000,0x0000000771eef398,0x0000000794000000)
  from space 309248K, 34% used [0x00000007ad200000,0x00000007b3af5c00,0x00000007c0000000)
  to   space 360448K, 0% used [0x0000000794000000,0x0000000794000000,0x00000007aa000000)
 ParOldGen       total 1210880K, used 811584K [0x00000006c0000000, 0x0000000709e80000, 0x000000076ab00000)
  object space 1210880K, 67% used [0x00000006c0000000,0x00000006f1890110,0x0000000709e80000)
 Metaspace       used 6702K, capacity 7384K, committed 7680K, reserved 1056768K
  class space    used 624K, capacity 656K, committed 768K, reserved 1048576K
GC Heap History (10 events):
Event: 19.372 GC heap before
{Heap before GC invocations=19 (full 4):
 PSYoungGen      total 897536K, used 200680K [0x000000076ab00000, 0x00000007bd900000, 0x00000007c0000000)
  eden space 696832K, 0% used [0x000000076ab00000,0x000000076ab00000,0x0000000795380000)
  from space 200704K, 99% used [0x0000000795380000,0x00000007a177a150,0x00000007a1780000)
  to   space 269312K, 0% used [0x00000007ad200000,0x00000007ad200000,0x00000007bd900000)
 ParOldGen       total 512000K, used 500068K [0x00000006c0000000, 0x00000006df400000, 0x000000076ab00000)
  object space 512000K, 97% used [0x00000006c0000000,0x00000006de859388,0x00000006df400000)
 Metaspace       used 6589K, capacity 7320K, committed 7680K, reserved 1056768K
  class space    used 618K, capacity 656K, committed 768K, reserved 1048576K
Event: 21.596 GC heap after
Heap after GC invocations=19 (full 4):
 PSYoungGen      total 897536K, used 182230K [0x000000076ab00000, 0x00000007bd900000, 0x00000007c0000000)
  eden space 696832K, 0% used [0x000000076ab00000,0x000000076ab00000,0x0000000795380000)
  from space 200704K, 90% used [0x0000000795380000,0x00000007a0575a60,0x00000007a1780000)
  to   space 269312K, 0% used [0x00000007ad200000,0x00000007ad200000,0x00000007bd900000)
 ParOldGen       total 812032K, used 511636K [0x00000006c0000000, 0x00000006f1900000, 0x000000076ab00000)
  object space 812032K, 63% used [0x00000006c0000000,0x00000006df3a5150,0x00000006f1900000)
 Metaspace       used 6589K, capacity 7320K, committed 7680K, reserved 1056768K
  class space    used 618K, capacity 656K, committed 768K, reserved 1048576K
}
Event: 22.806 GC heap before
{Heap before GC invocations=20 (full 4):
 PSYoungGen      total 897536K, used 879062K [0x000000076ab00000, 0x00000007bd900000, 0x00000007c0000000)
  eden space 696832K, 100% used [0x000000076ab00000,0x0000000795380000,0x0000000795380000)
  from space 200704K, 90% used [0x0000000795380000,0x00000007a0575a60,0x00000007a1780000)
  to   space 269312K, 0% used [0x00000007ad200000,0x00000007ad200000,0x00000007bd900000)
 ParOldGen       total 812032K, used 511636K [0x00000006c0000000, 0x00000006f1900000, 0x000000076ab00000)
  object space 812032K, 63% used [0x00000006c0000000,0x00000006df3a5150,0x00000006f1900000)
 Metaspace       used 6590K, capacity 7320K, committed 7680K, reserved 1056768K
  class space    used 618K, capacity 656K, committed 768K, reserved 1048576K
Event: 23.492 GC heap after
Heap after GC invocations=20 (full 4):
 PSYoungGen      total 1076224K, used 175995K [0x000000076ab00000, 0x00000007bfa00000, 0x00000007c0000000)
  eden space 806912K, 0% used [0x000000076ab00000,0x000000076ab00000,0x000000079bf00000)
  from space 269312K, 65% used [0x00000007ad200000,0x00000007b7ddec60,0x00000007bd900000)
  to   space 281600K, 0% used [0x000000079bf00000,0x000000079bf00000,0x00000007ad200000)
 ParOldGen       total 812032K, used 584565K [0x00000006c0000000, 0x00000006f1900000, 0x000000076ab00000)
  object space 812032K, 71% used [0x00000006c0000000,0x00000006e3add4b8,0x00000006f1900000)
 Metaspace       used 6590K, capacity 7320K, committed 7680K, reserved 1056768K
  class space    used 618K, capacity 656K, committed 768K, reserved 1048576K
}
Event: 25.215 GC heap before
{Heap before GC invocations=21 (full 4):
 PSYoungGen      total 1076224K, used 982907K [0x000000076ab00000, 0x00000007bfa00000, 0x00000007c0000000)
  eden space 806912K, 100% used [0x000000076ab00000,0x000000079bf00000,0x000000079bf00000)
  from space 269312K, 65% used [0x00000007ad200000,0x00000007b7ddec60,0x00000007bd900000)
  to   space 281600K, 0% used [0x000000079bf00000,0x000000079bf00000,0x00000007ad200000)
 ParOldGen       total 812032K, used 584565K [0x00000006c0000000, 0x00000006f1900000, 0x000000076ab00000)
  object space 812032K, 71% used [0x00000006c0000000,0x00000006e3add4b8,0x00000006f1900000)
 Metaspace       used 6661K, capacity 7384K, committed 7680K, reserved 1056768K
  class space    used 622K, capacity 656K, committed 768K, reserved 1048576K
Event: 25.540 GC heap after
Heap after GC invocations=21 (full 4):
 PSYoungGen      total 1088512K, used 281597K [0x000000076ab00000, 0x00000007c0000000, 0x00000007c0000000)
  eden space 806912K, 0% used [0x000000076ab00000,0x000000076ab00000,0x000000079bf00000)
  from space 281600K, 99% used [0x000000079bf00000,0x00000007ad1ff5a0,0x00000007ad200000)
  to   space 309248K, 0% used [0x00000007ad200000,0x00000007ad200000,0x00000007c0000000)
 ParOldGen       total 812032K, used 607408K [0x00000006c0000000, 0x00000006f1900000, 0x000000076ab00000)
  object space 812032K, 74% used [0x00000006c0000000,0x00000006e512c038,0x00000006f1900000)
 Metaspace       used 6661K, capacity 7384K, committed 7680K, reserved 1056768K
  class space    used 622K, capacity 656K, committed 768K, reserved 1048576K
}
Event: 27.659 GC heap before
{Heap before GC invocations=22 (full 4):
 PSYoungGen      total 1088512K, used 1088509K [0x000000076ab00000, 0x00000007c0000000, 0x00000007c0000000)
  eden space 806912K, 100% used [0x000000076ab00000,0x000000079bf00000,0x000000079bf00000)
  from space 281600K, 99% used [0x000000079bf00000,0x00000007ad1ff5a0,0x00000007ad200000)
  to   space 309248K, 0% used [0x00000007ad200000,0x00000007ad200000,0x00000007c0000000)
 ParOldGen       total 812032K, used 607408K [0x00000006c0000000, 0x00000006f1900000, 0x000000076ab00000)
  object space 812032K, 74% used [0x00000006c0000000,0x00000006e512c038,0x00000006f1900000)
 Metaspace       used 6699K, capacity 7384K, committed 7680K, reserved 1056768K
  class space    used 624K, capacity 656K, committed 768K, reserved 1048576K
Event: 28.042 GC heap after
Heap after GC invocations=22 (full 4):
 PSYoungGen      total 986112K, used 241202K [0x000000076ab00000, 0x00000007c0000000, 0x00000007c0000000)
  eden space 676864K, 0% used [0x000000076ab00000,0x000000076ab00000,0x0000000794000000)
  from space 309248K, 77% used [0x00000007ad200000,0x00000007bbd8cb18,0x00000007c0000000)
  to   space 360448K, 0% used [0x0000000794000000,0x0000000794000000,0x00000007aa000000)
 ParOldGen       total 812032K, used 772018K [0x00000006c0000000, 0x00000006f1900000, 0x000000076ab00000)
  object space 812032K, 95% used [0x00000006c0000000,0x00000006ef1ec930,0x00000006f1900000)
 Metaspace       used 6699K, capacity 7384K, committed 7680K, reserved 1056768K
  class space    used 624K, capacity 656K, committed 768K, reserved 1048576K
}
Event: 28.042 GC heap before
{Heap before GC invocations=23 (full 5):
 PSYoungGen      total 986112K, used 241202K [0x000000076ab00000, 0x00000007c0000000, 0x00000007c0000000)
  eden space 676864K, 0% used [0x000000076ab00000,0x000000076ab00000,0x0000000794000000)
  from space 309248K, 77% used [0x00000007ad200000,0x00000007bbd8cb18,0x00000007c0000000)
  to   space 360448K, 0% used [0x0000000794000000,0x0000000794000000,0x00000007aa000000)
 ParOldGen       total 812032K, used 772018K [0x00000006c0000000, 0x00000006f1900000, 0x000000076ab00000)
  object space 812032K, 95% used [0x00000006c0000000,0x00000006ef1ec930,0x00000006f1900000)
 Metaspace       used 6699K, capacity 7384K, committed 7680K, reserved 1056768K
  class space    used 624K, capacity 656K, committed 768K, reserved 1048576K
Event: 33.479 GC heap after
Heap after GC invocations=23 (full 5):
 PSYoungGen      total 986112K, used 107479K [0x000000076ab00000, 0x00000007c0000000, 0x00000007c0000000)
  eden space 676864K, 0% used [0x000000076ab00000,0x000000076ab00000,0x0000000794000000)
  from space 309248K, 34% used [0x00000007ad200000,0x00000007b3af5c00,0x00000007c0000000)
  to   space 360448K, 0% used [0x0000000794000000,0x0000000794000000,0x00000007aa000000)
 ParOldGen       total 1210880K, used 811584K [0x00000006c0000000, 0x0000000709e80000, 0x000000076ab00000)
  object space 1210880K, 67% used [0x00000006c0000000,0x00000006f1890110,0x0000000709e80000)
 Metaspace       used 6699K, capacity 7384K, committed 7680K, reserved 1056768K
  class space    used 624K, capacity 656K, committed 768K, reserved 1048576K
}

