# JRE version: Java(TM) SE Runtime Environment (8.0_40-b25) (build 1.8.0_40-b25)
# Java VM: Java HotSpot(TM) 64-Bit Server VM (25.40-b25 mixed mode windows-amd64 compressed oops)
Heap:
 PSYoungGen      total 853504K, used 853494K [0x000000076ab00000, 0x00000007a9980000, 0x00000007c0000000)
  eden space 676352K, 100% used [0x000000076ab00000,0x0000000793f80000,0x0000000793f80000)
  from space 177152K, 99% used [0x0000000793f80000,0x000000079ec7da90,0x000000079ec80000)
  to   space 172032K, 99% used [0x000000079ef80000,0x00000007a977b8e8,0x00000007a9780000)
 ParOldGen       total 942592K, used 739965K [0x00000006c0000000, 0x00000006f9880000, 0x000000076ab00000)
  object space 942592K, 78% used [0x00000006c0000000,0x00000006ed29f4e0,0x00000006f9880000)
 Metaspace       used 6678K, capacity 7384K, committed 7680K, reserved 1056768K
  class space    used 622K, capacity 656K, committed 768K, reserved 1048576K
GC Heap History (10 events):
Event: 17.398 GC heap after
Heap after GC invocations=17 (full 3):
 PSYoungGen      total 767488K, used 689595K [0x000000076ab00000, 0x00000007a9780000, 0x00000007c0000000)
  eden space 596480K, 100% used [0x000000076ab00000,0x000000078f180000,0x000000078f180000)
  from space 171008K, 54% used [0x000000078f180000,0x0000000794c6edc0,0x0000000799880000)
  to   space 172032K, 99% used [0x000000079ef80000,0x00000007a977d020,0x00000007a9780000)
 ParOldGen       total 558080K, used 558025K [0x00000006c0000000, 0x00000006e2100000, 0x000000076ab00000)
  object space 558080K, 99% used [0x00000006c0000000,0x00000006e20f2740,0x00000006e2100000)
 Metaspace       used 6599K, capacity 7320K, committed 7680K, reserved 1056768K
  class space    used 618K, capacity 656K, committed 768K, reserved 1048576K
}
Event: 17.398 GC heap before
{Heap before GC invocations=18 (full 4):
 PSYoungGen      total 767488K, used 689595K [0x000000076ab00000, 0x00000007a9780000, 0x00000007c0000000)
  eden space 596480K, 100% used [0x000000076ab00000,0x000000078f180000,0x000000078f180000)
  from space 171008K, 54% used [0x000000078f180000,0x0000000794c6edc0,0x0000000799880000)
  to   space 172032K, 99% used [0x000000079ef80000,0x00000007a977d020,0x00000007a9780000)
 ParOldGen       total 558080K, used 558025K [0x00000006c0000000, 0x00000006e2100000, 0x000000076ab00000)
  object space 558080K, 99% used [0x00000006c0000000,0x00000006e20f2740,0x00000006e2100000)
 Metaspace       used 6599K, capacity 7320K, committed 7680K, reserved 1056768K
  class space    used 618K, capacity 656K, committed 768K, reserved 1048576K
Event: 20.043 GC heap after
Heap after GC invocations=18 (full 4):
 PSYoungGen      total 767488K, used 0K [0x000000076ab00000, 0x00000007a9780000, 0x00000007c0000000)
  eden space 596480K, 0% used [0x000000076ab00000,0x000000076ab00000,0x000000078f180000)
  from space 171008K, 0% used [0x000000078f180000,0x000000078f180000,0x0000000799880000)
  to   space 172032K, 92% used [0x000000079ef80000,0x00000007a8b95028,0x00000007a9780000)
 ParOldGen       total 849408K, used 557685K [0x00000006c0000000, 0x00000006f3d80000, 0x000000076ab00000)
  object space 849408K, 65% used [0x00000006c0000000,0x00000006e209d410,0x00000006f3d80000)
 Metaspace       used 6599K, capacity 7320K, committed 7680K, reserved 1056768K
  class space    used 618K, capacity 656K, committed 768K, reserved 1048576K
}
Event: 21.845 GC heap before
{Heap before GC invocations=19 (full 5):
 PSYoungGen      total 767488K, used 596480K [0x000000076ab00000, 0x00000007a9780000, 0x00000007c0000000)
  eden space 596480K, 100% used [0x000000076ab00000,0x000000078f180000,0x000000078f180000)
  from space 171008K, 0% used [0x000000078f180000,0x000000078f180000,0x0000000799880000)
  to   space 172032K, 92% used [0x000000079ef80000,0x00000007a8b95028,0x00000007a9780000)
 ParOldGen       total 849408K, used 557685K [0x00000006c0000000, 0x00000006f3d80000, 0x000000076ab00000)
  object space 849408K, 65% used [0x00000006c0000000,0x00000006e209d410,0x00000006f3d80000)
 Metaspace       used 6600K, capacity 7320K, committed 7680K, reserved 1056768K
  class space    used 618K, capacity 656K, committed 768K, reserved 1048576K
Event: 23.045 GC heap after
Heap after GC invocations=19 (full 5):
 PSYoungGen      total 767488K, used 0K [0x000000076ab00000, 0x00000007a9780000, 0x00000007c0000000)
  eden space 596480K, 0% used [0x000000076ab00000,0x000000076ab00000,0x000000078f180000)
  from space 171008K, 0% used [0x000000078f180000,0x000000078f180000,0x0000000799880000)
  to   space 172032K, 0% used [0x000000079ef80000,0x000000079ef80000,0x00000007a9780000)
 ParOldGen       total 942592K, used 589683K [0x00000006c0000000, 0x00000006f9880000, 0x000000076ab00000)
  object space 942592K, 62% used [0x00000006c0000000,0x00000006e3fdcec8,0x00000006f9880000)
 Metaspace       used 6600K, capacity 7320K, committed 7680K, reserved 1056768K
  class space    used 618K, capacity 656K, committed 768K, reserved 1048576K
}
Event: 24.183 GC heap before
{Heap before GC invocations=20 (full 5):
 PSYoungGen      total 767488K, used 596480K [0x000000076ab00000, 0x00000007a9780000, 0x00000007c0000000)
  eden space 596480K, 100% used [0x000000076ab00000,0x000000078f180000,0x000000078f180000)
  from space 171008K, 0% used [0x000000078f180000,0x000000078f180000,0x0000000799880000)
  to   space 172032K, 0% used [0x000000079ef80000,0x000000079ef80000,0x00000007a9780000)
 ParOldGen       total 942592K, used 589683K [0x00000006c0000000, 0x00000006f9880000, 0x000000076ab00000)
  object space 942592K, 62% used [0x00000006c0000000,0x00000006e3fdcec8,0x00000006f9880000)
 Metaspace       used 6602K, capacity 7320K, committed 7680K, reserved 1056768K
  class space    used 619K, capacity 656K, committed 768K, reserved 1048576K
Event: 24.285 GC heap after
Heap after GC invocations=20 (full 5):
 PSYoungGen      total 848384K, used 105781K [0x000000076ab00000, 0x00000007a9980000, 0x00000007c0000000)
  eden space 676352K, 0% used [0x000000076ab00000,0x000000076ab00000,0x0000000793f80000)
  from space 172032K, 61% used [0x000000079ef80000,0x00000007a56cd4e8,0x00000007a9780000)
  to   space 177152K, 0% used [0x0000000793f80000,0x0000000793f80000,0x000000079ec80000)
 ParOldGen       total 942592K, used 589683K [0x00000006c0000000, 0x00000006f9880000, 0x000000076ab00000)
  object space 942592K, 62% used [0x00000006c0000000,0x00000006e3fdcec8,0x00000006f9880000)
 Metaspace       used 6602K, capacity 7320K, committed 7680K, reserved 1056768K
  class space    used 619K, capacity 656K, committed 768K, reserved 1048576K
}
Event: 25.609 GC heap before
{Heap before GC invocations=21 (full 5):
 PSYoungGen      total 848384K, used 782133K [0x000000076ab00000, 0x00000007a9980000, 0x00000007c0000000)
  eden space 676352K, 100% used [0x000000076ab00000,0x0000000793f80000,0x0000000793f80000)
  from space 172032K, 61% used [0x000000079ef80000,0x00000007a56cd4e8,0x00000007a9780000)
  to   space 177152K, 0% used [0x0000000793f80000,0x0000000793f80000,0x000000079ec80000)
 ParOldGen       total 942592K, used 589683K [0x00000006c0000000, 0x00000006f9880000, 0x000000076ab00000)
  object space 942592K, 62% used [0x00000006c0000000,0x00000006e3fdcec8,0x00000006f9880000)
 Metaspace       used 6602K, capacity 7320K, committed 7680K, reserved 1056768K
  class space    used 619K, capacity 656K, committed 768K, reserved 1048576K
Event: 25.857 GC heap after
Heap after GC invocations=21 (full 5):
 PSYoungGen      total 853504K, used 177142K [0x000000076ab00000, 0x00000007a9980000, 0x00000007c0000000)
  eden space 676352K, 0% used [0x000000076ab00000,0x000000076ab00000,0x0000000793f80000)
  from space 177152K, 99% used [0x0000000793f80000,0x000000079ec7da90,0x000000079ec80000)
  to   space 172032K, 0% used [0x000000079ef80000,0x000000079ef80000,0x00000007a9780000)
 ParOldGen       total 942592K, used 625519K [0x00000006c0000000, 0x00000006f9880000, 0x000000076ab00000)
  object space 942592K, 66% used [0x00000006c0000000,0x00000006e62dbd70,0x00000006f9880000)
 Metaspace       used 6602K, capacity 7320K, committed 7680K, reserved 1056768K
  class space    used 619K, capacity 656K, committed 768K, reserved 1048576K
}
Event: 27.302 GC heap before
{Heap before GC invocations=22 (full 5):
 PSYoungGen      total 853504K, used 853494K [0x000000076ab00000, 0x00000007a9980000, 0x00000007c0000000)
  eden space 676352K, 100% used [0x000000076ab00000,0x0000000793f80000,0x0000000793f80000)
  from space 177152K, 99% used [0x0000000793f80000,0x000000079ec7da90,0x000000079ec80000)
  to   space 172032K, 0% used [0x000000079ef80000,0x000000079ef80000,0x00000007a9780000)
 ParOldGen       total 942592K, used 625519K [0x00000006c0000000, 0x00000006f9880000, 0x000000076ab00000)
  object space 942592K, 66% used [0x00000006c0000000,0x00000006e62dbd70,0x00000006f9880000)
 Metaspace       used 6678K, capacity 7384K, committed 7680K, reserved 1056768K
  class space    used 622K, capacity 656K, committed 768K, reserved 1048576K

