# JRE version: Java(TM) SE Runtime Environment (8.0_40-b25) (build 1.8.0_40-b25)
# Java VM: Java HotSpot(TM) 64-Bit Server VM (25.40-b25 mixed mode windows-amd64 compressed oops)
Heap:
 PSYoungGen      total 979968K, used 398353K [0x000000076ab00000, 0x00000007b4700000, 0x00000007c0000000)
  eden space 767488K, 24% used [0x000000076ab00000,0x0000000776084c70,0x0000000799880000)
  from space 212480K, 99% used [0x00000007a6f80000,0x00000007b3eff948,0x00000007b3f00000)
  to   space 220160K, 0% used [0x0000000799880000,0x0000000799880000,0x00000007a6f80000)
 ParOldGen       total 867328K, used 718930K [0x00000006c0000000, 0x00000006f4f00000, 0x000000076ab00000)
  object space 867328K, 82% used [0x00000006c0000000,0x00000006ebe14b20,0x00000006f4f00000)
 Metaspace       used 6704K, capacity 7384K, committed 7680K, reserved 1056768K
  class space    used 624K, capacity 656K, committed 768K, reserved 1048576K
GC Heap History (10 events):
Event: 18.731 GC heap before
{Heap before GC invocations=18 (full 3):
 PSYoungGen      total 846848K, used 846833K [0x000000076ab00000, 0x00000007af300000, 0x00000007c0000000)
  eden space 671744K, 100% used [0x000000076ab00000,0x0000000793b00000,0x0000000793b00000)
  from space 175104K, 99% used [0x00000007a0800000,0x00000007ab2fc4d8,0x00000007ab300000)
  to   space 209920K, 0% used [0x0000000793b00000,0x0000000793b00000,0x00000007a0800000)
 ParOldGen       total 518656K, used 428160K [0x00000006c0000000, 0x00000006dfa80000, 0x000000076ab00000)
  object space 518656K, 82% used [0x00000006c0000000,0x00000006da220088,0x00000006dfa80000)
 Metaspace       used 6592K, capacity 7320K, committed 7680K, reserved 1056768K
  class space    used 618K, capacity 656K, committed 768K, reserved 1048576K
Event: 18.907 GC heap after
Heap after GC invocations=18 (full 3):
 PSYoungGen      total 881664K, used 118814K [0x000000076ab00000, 0x00000007b3f00000, 0x00000007c0000000)
  eden space 671744K, 0% used [0x000000076ab00000,0x000000076ab00000,0x0000000793b00000)
  from space 209920K, 56% used [0x0000000793b00000,0x000000079af07bd0,0x00000007a0800000)
  to   space 212480K, 0% used [0x00000007a6f80000,0x00000007a6f80000,0x00000007b3f00000)
 ParOldGen       total 549376K, used 548909K [0x00000006c0000000, 0x00000006e1880000, 0x000000076ab00000)
  object space 549376K, 99% used [0x00000006c0000000,0x00000006e180b430,0x00000006e1880000)
 Metaspace       used 6592K, capacity 7320K, committed 7680K, reserved 1056768K
  class space    used 618K, capacity 656K, committed 768K, reserved 1048576K
}
Event: 18.907 GC heap before
{Heap before GC invocations=19 (full 4):
 PSYoungGen      total 881664K, used 118814K [0x000000076ab00000, 0x00000007b3f00000, 0x00000007c0000000)
  eden space 671744K, 0% used [0x000000076ab00000,0x000000076ab00000,0x0000000793b00000)
  from space 209920K, 56% used [0x0000000793b00000,0x000000079af07bd0,0x00000007a0800000)
  to   space 212480K, 0% used [0x00000007a6f80000,0x00000007a6f80000,0x00000007b3f00000)
 ParOldGen       total 549376K, used 548909K [0x00000006c0000000, 0x00000006e1880000, 0x000000076ab00000)
  object space 549376K, 99% used [0x00000006c0000000,0x00000006e180b430,0x00000006e1880000)
 Metaspace       used 6592K, capacity 7320K, committed 7680K, reserved 1056768K
  class space    used 618K, capacity 656K, committed 768K, reserved 1048576K
Event: 21.343 GC heap after
Heap after GC invocations=19 (full 4):
 PSYoungGen      total 881664K, used 111254K [0x000000076ab00000, 0x00000007b3f00000, 0x00000007c0000000)
  eden space 671744K, 0% used [0x000000076ab00000,0x000000076ab00000,0x0000000793b00000)
  from space 209920K, 52% used [0x0000000793b00000,0x000000079a7a5870,0x00000007a0800000)
  to   space 212480K, 0% used [0x00000007a6f80000,0x00000007a6f80000,0x00000007b3f00000)
 ParOldGen       total 867328K, used 549266K [0x00000006c0000000, 0x00000006f4f00000, 0x000000076ab00000)
  object space 867328K, 63% used [0x00000006c0000000,0x00000006e1864b80,0x00000006f4f00000)
 Metaspace       used 6592K, capacity 7320K, committed 7680K, reserved 1056768K
  class space    used 618K, capacity 656K, committed 768K, reserved 1048576K
}
Event: 22.626 GC heap before
{Heap before GC invocations=20 (full 4):
 PSYoungGen      total 881664K, used 782998K [0x000000076ab00000, 0x00000007b3f00000, 0x00000007c0000000)
  eden space 671744K, 100% used [0x000000076ab00000,0x0000000793b00000,0x0000000793b00000)
  from space 209920K, 52% used [0x0000000793b00000,0x000000079a7a5870,0x00000007a0800000)
  to   space 212480K, 0% used [0x00000007a6f80000,0x00000007a6f80000,0x00000007b3f00000)
 ParOldGen       total 867328K, used 549266K [0x00000006c0000000, 0x00000006f4f00000, 0x000000076ab00000)
  object space 867328K, 63% used [0x00000006c0000000,0x00000006e1864b80,0x00000006f4f00000)
 Metaspace       used 6593K, capacity 7320K, committed 7680K, reserved 1056768K
  class space    used 618K, capacity 656K, committed 768K, reserved 1048576K
Event: 22.906 GC heap after
Heap after GC invocations=20 (full 4):
 PSYoungGen      total 979968K, used 137976K [0x000000076ab00000, 0x00000007b4700000, 0x00000007c0000000)
  eden space 767488K, 0% used [0x000000076ab00000,0x000000076ab00000,0x0000000799880000)
  from space 212480K, 64% used [0x00000007a6f80000,0x00000007af63e0a0,0x00000007b3f00000)
  to   space 220160K, 0% used [0x0000000799880000,0x0000000799880000,0x00000007a6f80000)
 ParOldGen       total 867328K, used 549266K [0x00000006c0000000, 0x00000006f4f00000, 0x000000076ab00000)
  object space 867328K, 63% used [0x00000006c0000000,0x00000006e1864b80,0x00000006f4f00000)
 Metaspace       used 6593K, capacity 7320K, committed 7680K, reserved 1056768K
  class space    used 618K, capacity 656K, committed 768K, reserved 1048576K
}
Event: 24.196 GC heap before
{Heap before GC invocations=21 (full 4):
 PSYoungGen      total 979968K, used 905464K [0x000000076ab00000, 0x00000007b4700000, 0x00000007c0000000)
  eden space 767488K, 100% used [0x000000076ab00000,0x0000000799880000,0x0000000799880000)
  from space 212480K, 64% used [0x00000007a6f80000,0x00000007af63e0a0,0x00000007b3f00000)
  to   space 220160K, 0% used [0x0000000799880000,0x0000000799880000,0x00000007a6f80000)
 ParOldGen       total 867328K, used 549266K [0x00000006c0000000, 0x00000006f4f00000, 0x000000076ab00000)
  object space 867328K, 63% used [0x00000006c0000000,0x00000006e1864b80,0x00000006f4f00000)
 Metaspace       used 6662K, capacity 7384K, committed 7680K, reserved 1056768K
  class space    used 622K, capacity 656K, committed 768K, reserved 1048576K
Event: 24.426 GC heap after
Heap after GC invocations=21 (full 4):
 PSYoungGen      total 987648K, used 220129K [0x000000076ab00000, 0x00000007b4700000, 0x00000007c0000000)
  eden space 767488K, 0% used [0x000000076ab00000,0x000000076ab00000,0x0000000799880000)
  from space 220160K, 99% used [0x0000000799880000,0x00000007a6f78538,0x00000007a6f80000)
  to   space 212480K, 0% used [0x00000007a6f80000,0x00000007a6f80000,0x00000007b3f00000)
 ParOldGen       total 867328K, used 586212K [0x00000006c0000000, 0x00000006f4f00000, 0x000000076ab00000)
  object space 867328K, 67% used [0x00000006c0000000,0x00000006e3c79150,0x00000006f4f00000)
 Metaspace       used 6662K, capacity 7384K, committed 7680K, reserved 1056768K
  class space    used 622K, capacity 656K, committed 768K, reserved 1048576K
}
Event: 25.615 GC heap before
{Heap before GC invocations=22 (full 4):
 PSYoungGen      total 987648K, used 987617K [0x000000076ab00000, 0x00000007b4700000, 0x00000007c0000000)
  eden space 767488K, 100% used [0x000000076ab00000,0x0000000799880000,0x0000000799880000)
  from space 220160K, 99% used [0x0000000799880000,0x00000007a6f78538,0x00000007a6f80000)
  to   space 212480K, 0% used [0x00000007a6f80000,0x00000007a6f80000,0x00000007b3f00000)
 ParOldGen       total 867328K, used 586212K [0x00000006c0000000, 0x00000006f4f00000, 0x000000076ab00000)
  object space 867328K, 67% used [0x00000006c0000000,0x00000006e3c79150,0x00000006f4f00000)
 Metaspace       used 6702K, capacity 7384K, committed 7680K, reserved 1056768K
  class space    used 624K, capacity 656K, committed 768K, reserved 1048576K
Event: 25.955 GC heap after
Heap after GC invocations=22 (full 4):
 PSYoungGen      total 979968K, used 212478K [0x000000076ab00000, 0x00000007b4700000, 0x00000007c0000000)
  eden space 767488K, 0% used [0x000000076ab00000,0x000000076ab00000,0x0000000799880000)
  from space 212480K, 99% used [0x00000007a6f80000,0x00000007b3eff948,0x00000007b3f00000)
  to   space 220160K, 0% used [0x0000000799880000,0x0000000799880000,0x00000007a6f80000)
 ParOldGen       total 867328K, used 718930K [0x00000006c0000000, 0x00000006f4f00000, 0x000000076ab00000)
  object space 867328K, 82% used [0x00000006c0000000,0x00000006ebe14b20,0x00000006f4f00000)
 Metaspace       used 6702K, capacity 7384K, committed 7680K, reserved 1056768K
  class space    used 624K, capacity 656K, committed 768K, reserved 1048576K
}

