# JRE version: Java(TM) SE Runtime Environment (8.0_40-b25) (build 1.8.0_40-b25)
# Java VM: Java HotSpot(TM) 64-Bit Server VM (25.40-b25 mixed mode windows-amd64 compressed oops)
Heap:
 PSYoungGen      total 1005568K, used 167922K [0x000000076ab00000, 0x00000007b8600000, 0x00000007c0000000)
  eden space 788480K, 1% used [0x000000076ab00000,0x000000076ba43858,0x000000079ad00000)
  from space 217088K, 70% used [0x00000007a8d00000,0x00000007b21b90c8,0x00000007b6100000)
  to   space 229376K, 0% used [0x000000079ad00000,0x000000079ad00000,0x00000007a8d00000)
 ParOldGen       total 796672K, used 587673K [0x00000006c0000000, 0x00000006f0a00000, 0x000000076ab00000)
  object space 796672K, 73% used [0x00000006c0000000,0x00000006e3de6688,0x00000006f0a00000)
 Metaspace       used 6593K, capacity 7320K, committed 7680K, reserved 1056768K
  class space    used 619K, capacity 656K, committed 768K, reserved 1048576K
GC Heap History (10 events):
Event: 15.320 GC heap before
{Heap before GC invocations=16 (full 3):
 PSYoungGen      total 763392K, used 731716K [0x000000076ab00000, 0x00000007a8c00000, 0x00000007c0000000)
  eden space 628736K, 100% used [0x000000076ab00000,0x0000000791100000,0x0000000791100000)
  from space 134656K, 76% used [0x000000079ba80000,0x00000007a1f11070,0x00000007a3e00000)
  to   space 173568K, 0% used [0x0000000791100000,0x0000000791100000,0x000000079ba80000)
 ParOldGen       total 512000K, used 310021K [0x00000006c0000000, 0x00000006df400000, 0x000000076ab00000)
  object space 512000K, 60% used [0x00000006c0000000,0x00000006d2ec1540,0x00000006df400000)
 Metaspace       used 6589K, capacity 7320K, committed 7680K, reserved 1056768K
  class space    used 617K, capacity 656K, committed 768K, reserved 1048576K
Event: 15.631 GC heap after
Heap after GC invocations=16 (full 3):
 PSYoungGen      total 802304K, used 97021K [0x000000076ab00000, 0x00000007acd80000, 0x00000007c0000000)
  eden space 628736K, 0% used [0x000000076ab00000,0x000000076ab00000,0x0000000791100000)
  from space 173568K, 55% used [0x0000000791100000,0x0000000796fbf710,0x000000079ba80000)
  to   space 175616K, 0% used [0x00000007a2200000,0x00000007a2200000,0x00000007acd80000)
 ParOldGen       total 512000K, used 414171K [0x00000006c0000000, 0x00000006df400000, 0x000000076ab00000)
  object space 512000K, 80% used [0x00000006c0000000,0x00000006d9476cd8,0x00000006df400000)
 Metaspace       used 6589K, capacity 7320K, committed 7680K, reserved 1056768K
  class space    used 617K, capacity 656K, committed 768K, reserved 1048576K
}
Event: 17.741 GC heap before
{Heap before GC invocations=17 (full 3):
 PSYoungGen      total 802304K, used 725757K [0x000000076ab00000, 0x00000007acd80000, 0x00000007c0000000)
  eden space 628736K, 100% used [0x000000076ab00000,0x0000000791100000,0x0000000791100000)
  from space 173568K, 55% used [0x0000000791100000,0x0000000796fbf710,0x000000079ba80000)
  to   space 175616K, 0% used [0x00000007a2200000,0x00000007a2200000,0x00000007acd80000)
 ParOldGen       total 512000K, used 414171K [0x00000006c0000000, 0x00000006df400000, 0x000000076ab00000)
  object space 512000K, 80% used [0x00000006c0000000,0x00000006d9476cd8,0x00000006df400000)
 Metaspace       used 6589K, capacity 7320K, committed 7680K, reserved 1056768K
  class space    used 617K, capacity 656K, committed 768K, reserved 1048576K
Event: 17.937 GC heap after
Heap after GC invocations=17 (full 3):
 PSYoungGen      total 872448K, used 175594K [0x000000076ab00000, 0x00000007b1200000, 0x00000007c0000000)
  eden space 696832K, 0% used [0x000000076ab00000,0x000000076ab00000,0x0000000795380000)
  from space 175616K, 99% used [0x00000007a2200000,0x00000007acd7ab58,0x00000007acd80000)
  to   space 211456K, 0% used [0x0000000795380000,0x0000000795380000,0x00000007a2200000)
 ParOldGen       total 512000K, used 428869K [0x00000006c0000000, 0x00000006df400000, 0x000000076ab00000)
  object space 512000K, 83% used [0x00000006c0000000,0x00000006da2d1548,0x00000006df400000)
 Metaspace       used 6589K, capacity 7320K, committed 7680K, reserved 1056768K
  class space    used 617K, capacity 656K, committed 768K, reserved 1048576K
}
Event: 17.937 GC heap before
{Heap before GC invocations=18 (full 4):
 PSYoungGen      total 872448K, used 175594K [0x000000076ab00000, 0x00000007b1200000, 0x00000007c0000000)
  eden space 696832K, 0% used [0x000000076ab00000,0x000000076ab00000,0x0000000795380000)
  from space 175616K, 99% used [0x00000007a2200000,0x00000007acd7ab58,0x00000007acd80000)
  to   space 211456K, 0% used [0x0000000795380000,0x0000000795380000,0x00000007a2200000)
 ParOldGen       total 512000K, used 428869K [0x00000006c0000000, 0x00000006df400000, 0x000000076ab00000)
  object space 512000K, 83% used [0x00000006c0000000,0x00000006da2d1548,0x00000006df400000)
 Metaspace       used 6589K, capacity 7320K, committed 7680K, reserved 1056768K
  class space    used 617K, capacity 656K, committed 768K, reserved 1048576K
Event: 19.629 GC heap after
Heap after GC invocations=18 (full 4):
 PSYoungGen      total 872448K, used 87734K [0x000000076ab00000, 0x00000007b1200000, 0x00000007c0000000)
  eden space 696832K, 0% used [0x000000076ab00000,0x000000076ab00000,0x0000000795380000)
  from space 175616K, 49% used [0x00000007a2200000,0x00000007a77ada70,0x00000007acd80000)
  to   space 211456K, 0% used [0x0000000795380000,0x0000000795380000,0x00000007a2200000)
 ParOldGen       total 796672K, used 511542K [0x00000006c0000000, 0x00000006f0a00000, 0x000000076ab00000)
  object space 796672K, 64% used [0x00000006c0000000,0x00000006df38dae8,0x00000006f0a00000)
 Metaspace       used 6589K, capacity 7320K, committed 7680K, reserved 1056768K
  class space    used 617K, capacity 656K, committed 768K, reserved 1048576K
}
Event: 21.018 GC heap before
{Heap before GC invocations=19 (full 4):
 PSYoungGen      total 872448K, used 784566K [0x000000076ab00000, 0x00000007b1200000, 0x00000007c0000000)
  eden space 696832K, 100% used [0x000000076ab00000,0x0000000795380000,0x0000000795380000)
  from space 175616K, 49% used [0x00000007a2200000,0x00000007a77ada70,0x00000007acd80000)
  to   space 211456K, 0% used [0x0000000795380000,0x0000000795380000,0x00000007a2200000)
 ParOldGen       total 796672K, used 511542K [0x00000006c0000000, 0x00000006f0a00000, 0x000000076ab00000)
  object space 796672K, 64% used [0x00000006c0000000,0x00000006df38dae8,0x00000006f0a00000)
 Metaspace       used 6590K, capacity 7320K, committed 7680K, reserved 1056768K
  class space    used 618K, capacity 656K, committed 768K, reserved 1048576K
Event: 21.214 GC heap after
Heap after GC invocations=19 (full 4):
 PSYoungGen      total 908288K, used 128477K [0x000000076ab00000, 0x00000007b6100000, 0x00000007c0000000)
  eden space 696832K, 0% used [0x000000076ab00000,0x000000076ab00000,0x0000000795380000)
  from space 211456K, 60% used [0x0000000795380000,0x000000079d0f7468,0x00000007a2200000)
  to   space 217088K, 0% used [0x00000007a8d00000,0x00000007a8d00000,0x00000007b6100000)
 ParOldGen       total 796672K, used 587673K [0x00000006c0000000, 0x00000006f0a00000, 0x000000076ab00000)
  object space 796672K, 73% used [0x00000006c0000000,0x00000006e3de6688,0x00000006f0a00000)
 Metaspace       used 6590K, capacity 7320K, committed 7680K, reserved 1056768K
  class space    used 618K, capacity 656K, committed 768K, reserved 1048576K
}
Event: 22.415 GC heap before
{Heap before GC invocations=20 (full 4):
 PSYoungGen      total 908288K, used 825309K [0x000000076ab00000, 0x00000007b6100000, 0x00000007c0000000)
  eden space 696832K, 100% used [0x000000076ab00000,0x0000000795380000,0x0000000795380000)
  from space 211456K, 60% used [0x0000000795380000,0x000000079d0f7468,0x00000007a2200000)
  to   space 217088K, 0% used [0x00000007a8d00000,0x00000007a8d00000,0x00000007b6100000)
 ParOldGen       total 796672K, used 587673K [0x00000006c0000000, 0x00000006f0a00000, 0x000000076ab00000)
  object space 796672K, 73% used [0x00000006c0000000,0x00000006e3de6688,0x00000006f0a00000)
 Metaspace       used 6593K, capacity 7320K, committed 7680K, reserved 1056768K
  class space    used 619K, capacity 656K, committed 768K, reserved 1048576K
Event: 22.615 GC heap after
Heap after GC invocations=20 (full 4):
 PSYoungGen      total 1005568K, used 152292K [0x000000076ab00000, 0x00000007b8600000, 0x00000007c0000000)
  eden space 788480K, 0% used [0x000000076ab00000,0x000000076ab00000,0x000000079ad00000)
  from space 217088K, 70% used [0x00000007a8d00000,0x00000007b21b90c8,0x00000007b6100000)
  to   space 229376K, 0% used [0x000000079ad00000,0x000000079ad00000,0x00000007a8d00000)
 ParOldGen       total 796672K, used 587673K [0x00000006c0000000, 0x00000006f0a00000, 0x000000076ab00000)
  object space 796672K, 73% used [0x00000006c0000000,0x00000006e3de6688,0x00000006f0a00000)
 Metaspace       used 6593K, capacity 7320K, committed 7680K, reserved 1056768K
  class space    used 619K, capacity 656K, committed 768K, reserved 1048576K
}

