# JRE version: Java(TM) SE Runtime Environment (8.0_40-b25) (build 1.8.0_40-b25)
# Java VM: Java HotSpot(TM) 64-Bit Server VM (25.40-b25 mixed mode windows-amd64 compressed oops)
Heap:
 PSYoungGen      total 1016832K, used 154251K [0x000000076ab00000, 0x00000007c0000000, 0x00000007c0000000)
  eden space 701440K, 4% used [0x000000076ab00000,0x000000076cb2dfb0,0x0000000795800000)
  from space 315392K, 38% used [0x00000007acc00000,0x00000007b4274f78,0x00000007c0000000)
  to   space 348160K, 0% used [0x0000000795800000,0x0000000795800000,0x00000007aac00000)
 ParOldGen       total 1204224K, used 810717K [0x00000006c0000000, 0x0000000709800000, 0x000000076ab00000)
  object space 1204224K, 67% used [0x00000006c0000000,0x00000006f17b7728,0x0000000709800000)
 Metaspace       used 6711K, capacity 7384K, committed 7680K, reserved 1056768K
  class space    used 624K, capacity 656K, committed 768K, reserved 1048576K
GC Heap History (10 events):
Event: 18.314 GC heap before
{Heap before GC invocations=19 (full 4):
 PSYoungGen      total 902656K, used 195068K [0x000000076ab00000, 0x00000007bc080000, 0x00000007c0000000)
  eden space 707584K, 0% used [0x000000076ab00000,0x000000076ab00000,0x0000000795e00000)
  from space 195072K, 99% used [0x0000000795e00000,0x00000007a1c7f3e0,0x00000007a1c80000)
  to   space 250368K, 0% used [0x00000007acc00000,0x00000007acc00000,0x00000007bc080000)
 ParOldGen       total 516608K, used 477396K [0x00000006c0000000, 0x00000006df880000, 0x000000076ab00000)
  object space 516608K, 92% used [0x00000006c0000000,0x00000006dd2352d0,0x00000006df880000)
 Metaspace       used 6598K, capacity 7320K, committed 7680K, reserved 1056768K
  class space    used 618K, capacity 656K, committed 768K, reserved 1048576K
Event: 20.725 GC heap after
Heap after GC invocations=19 (full 4):
 PSYoungGen      total 902656K, used 147358K [0x000000076ab00000, 0x00000007bc080000, 0x00000007c0000000)
  eden space 707584K, 0% used [0x000000076ab00000,0x000000076ab00000,0x0000000795e00000)
  from space 195072K, 75% used [0x0000000795e00000,0x000000079ede7a78,0x00000007a1c80000)
  to   space 250368K, 0% used [0x00000007acc00000,0x00000007acc00000,0x00000007bc080000)
 ParOldGen       total 811008K, used 516399K [0x00000006c0000000, 0x00000006f1800000, 0x000000076ab00000)
  object space 811008K, 63% used [0x00000006c0000000,0x00000006df84bf28,0x00000006f1800000)
 Metaspace       used 6598K, capacity 7320K, committed 7680K, reserved 1056768K
  class space    used 618K, capacity 656K, committed 768K, reserved 1048576K
}
Event: 21.875 GC heap before
{Heap before GC invocations=20 (full 4):
 PSYoungGen      total 902656K, used 854942K [0x000000076ab00000, 0x00000007bc080000, 0x00000007c0000000)
  eden space 707584K, 100% used [0x000000076ab00000,0x0000000795e00000,0x0000000795e00000)
  from space 195072K, 75% used [0x0000000795e00000,0x000000079ede7a78,0x00000007a1c80000)
  to   space 250368K, 0% used [0x00000007acc00000,0x00000007acc00000,0x00000007bc080000)
 ParOldGen       total 811008K, used 516399K [0x00000006c0000000, 0x00000006f1800000, 0x000000076ab00000)
  object space 811008K, 63% used [0x00000006c0000000,0x00000006df84bf28,0x00000006f1800000)
 Metaspace       used 6600K, capacity 7320K, committed 7680K, reserved 1056768K
  class space    used 618K, capacity 656K, committed 768K, reserved 1048576K
Event: 22.263 GC heap after
Heap after GC invocations=20 (full 4):
 PSYoungGen      total 1066496K, used 177141K [0x000000076ab00000, 0x00000007bda80000, 0x00000007c0000000)
  eden space 816128K, 0% used [0x000000076ab00000,0x000000076ab00000,0x000000079c800000)
  from space 250368K, 70% used [0x00000007acc00000,0x00000007b78fd710,0x00000007bc080000)
  to   space 266240K, 0% used [0x000000079c800000,0x000000079c800000,0x00000007acc00000)
 ParOldGen       total 811008K, used 596594K [0x00000006c0000000, 0x00000006f1800000, 0x000000076ab00000)
  object space 811008K, 73% used [0x00000006c0000000,0x00000006e469cb78,0x00000006f1800000)
 Metaspace       used 6600K, capacity 7320K, committed 7680K, reserved 1056768K
  class space    used 618K, capacity 656K, committed 768K, reserved 1048576K
}
Event: 23.519 GC heap before
{Heap before GC invocations=21 (full 4):
 PSYoungGen      total 1066496K, used 993269K [0x000000076ab00000, 0x00000007bda80000, 0x00000007c0000000)
  eden space 816128K, 100% used [0x000000076ab00000,0x000000079c800000,0x000000079c800000)
  from space 250368K, 70% used [0x00000007acc00000,0x00000007b78fd710,0x00000007bc080000)
  to   space 266240K, 0% used [0x000000079c800000,0x000000079c800000,0x00000007acc00000)
 ParOldGen       total 811008K, used 596594K [0x00000006c0000000, 0x00000006f1800000, 0x000000076ab00000)
  object space 811008K, 73% used [0x00000006c0000000,0x00000006e469cb78,0x00000006f1800000)
 Metaspace       used 6676K, capacity 7384K, committed 7680K, reserved 1056768K
  class space    used 622K, capacity 656K, committed 768K, reserved 1048576K
Event: 23.774 GC heap after
Heap after GC invocations=21 (full 4):
 PSYoungGen      total 1082368K, used 266223K [0x000000076ab00000, 0x00000007c0000000, 0x00000007c0000000)
  eden space 816128K, 0% used [0x000000076ab00000,0x000000076ab00000,0x000000079c800000)
  from space 266240K, 99% used [0x000000079c800000,0x00000007acbfbcd8,0x00000007acc00000)
  to   space 315392K, 0% used [0x00000007acc00000,0x00000007acc00000,0x00000007c0000000)
 ParOldGen       total 811008K, used 636570K [0x00000006c0000000, 0x00000006f1800000, 0x000000076ab00000)
  object space 811008K, 78% used [0x00000006c0000000,0x00000006e6da6828,0x00000006f1800000)
 Metaspace       used 6676K, capacity 7384K, committed 7680K, reserved 1056768K
  class space    used 622K, capacity 656K, committed 768K, reserved 1048576K
}
Event: 25.312 GC heap before
{Heap before GC invocations=22 (full 4):
 PSYoungGen      total 1082368K, used 1082351K [0x000000076ab00000, 0x00000007c0000000, 0x00000007c0000000)
  eden space 816128K, 100% used [0x000000076ab00000,0x000000079c800000,0x000000079c800000)
  from space 266240K, 99% used [0x000000079c800000,0x00000007acbfbcd8,0x00000007acc00000)
  to   space 315392K, 0% used [0x00000007acc00000,0x00000007acc00000,0x00000007c0000000)
 ParOldGen       total 811008K, used 636570K [0x00000006c0000000, 0x00000006f1800000, 0x000000076ab00000)
  object space 811008K, 78% used [0x00000006c0000000,0x00000006e6da6828,0x00000006f1800000)
 Metaspace       used 6711K, capacity 7384K, committed 7680K, reserved 1056768K
  class space    used 624K, capacity 656K, committed 768K, reserved 1048576K
Event: 25.698 GC heap after
Heap after GC invocations=22 (full 4):
 PSYoungGen      total 1016832K, used 235517K [0x000000076ab00000, 0x00000007c0000000, 0x00000007c0000000)
  eden space 701440K, 0% used [0x000000076ab00000,0x000000076ab00000,0x0000000795800000)
  from space 315392K, 74% used [0x00000007acc00000,0x00000007bb1ff6c0,0x00000007c0000000)
  to   space 348160K, 0% used [0x0000000795800000,0x0000000795800000,0x00000007aac00000)
 ParOldGen       total 811008K, used 792361K [0x00000006c0000000, 0x00000006f1800000, 0x000000076ab00000)
  object space 811008K, 97% used [0x00000006c0000000,0x00000006f05ca768,0x00000006f1800000)
 Metaspace       used 6711K, capacity 7384K, committed 7680K, reserved 1056768K
  class space    used 624K, capacity 656K, committed 768K, reserved 1048576K
}
Event: 25.698 GC heap before
{Heap before GC invocations=23 (full 5):
 PSYoungGen      total 1016832K, used 235517K [0x000000076ab00000, 0x00000007c0000000, 0x00000007c0000000)
  eden space 701440K, 0% used [0x000000076ab00000,0x000000076ab00000,0x0000000795800000)
  from space 315392K, 74% used [0x00000007acc00000,0x00000007bb1ff6c0,0x00000007c0000000)
  to   space 348160K, 0% used [0x0000000795800000,0x0000000795800000,0x00000007aac00000)
 ParOldGen       total 811008K, used 792361K [0x00000006c0000000, 0x00000006f1800000, 0x000000076ab00000)
  object space 811008K, 97% used [0x00000006c0000000,0x00000006f05ca768,0x00000006f1800000)
 Metaspace       used 6711K, capacity 7384K, committed 7680K, reserved 1056768K
  class space    used 624K, capacity 656K, committed 768K, reserved 1048576K
Event: 30.959 GC heap after
Heap after GC invocations=23 (full 5):
 PSYoungGen      total 1016832K, used 121299K [0x000000076ab00000, 0x00000007c0000000, 0x00000007c0000000)
  eden space 701440K, 0% used [0x000000076ab00000,0x000000076ab00000,0x0000000795800000)
  from space 315392K, 38% used [0x00000007acc00000,0x00000007b4274f78,0x00000007c0000000)
  to   space 348160K, 0% used [0x0000000795800000,0x0000000795800000,0x00000007aac00000)
 ParOldGen       total 1204224K, used 810717K [0x00000006c0000000, 0x0000000709800000, 0x000000076ab00000)
  object space 1204224K, 67% used [0x00000006c0000000,0x00000006f17b7728,0x0000000709800000)
 Metaspace       used 6711K, capacity 7384K, committed 7680K, reserved 1056768K
  class space    used 624K, capacity 656K, committed 768K, reserved 1048576K
}

